0 verbose cli C:\Program Files\nodejs\node.exe C:\Program Files\nodejs\node_modules\npm\bin\npm-cli.js
1 info using npm@11.11.0
2 info using node@v24.14.1
3 silly config load:file:C:\Program Files\nodejs\node_modules\npm\npmrc
4 silly config load:file:E:\My Files\projects\Work-Order-ProtoType\.npmrc
5 silly config load:file:C:\Users\user\.npmrc
6 silly config load:file:C:\Users\user\AppData\Roaming\npm\etc\npmrc
7 verbose title npm install
8 verbose argv "install"
9 verbose logfile logs-max:10 dir:E:\My Files\projects\Work-Order-ProtoType\.npm-cache\_logs\2026-05-14T04_24_57_873Z-
10 verbose logfile E:\My Files\projects\Work-Order-ProtoType\.npm-cache\_logs\2026-05-14T04_24_57_873Z-debug-0.log
11 silly logfile done cleaning log files
12 silly packumentCache heap:4496293888 maxSize:1124073472 maxEntrySize:562036736
13 silly idealTree buildDeps
14 silly fetch manifest react@^18.3.1
15 silly packumentCache full:https://registry.npmjs.org/react cache-miss
16 http fetch GET 200 https://registry.npmjs.org/npm 234ms
17 http fetch GET 200 https://registry.npmjs.org/react 454ms (cache miss)
18 silly packumentCache full:https://registry.npmjs.org/react set size:undefined disposed:false
19 silly fetch manifest react-dom@^18.3.1
20 silly packumentCache full:https://registry.npmjs.org/react-dom cache-miss
21 http fetch GET 200 https://registry.npmjs.org/react-dom 302ms (cache miss)
22 silly packumentCache full:https://registry.npmjs.org/react-dom set size:undefined disposed:false
23 silly fetch manifest react-router-dom@^6.26.2
24 silly packumentCache full:https://registry.npmjs.org/react-router-dom cache-miss
25 http fetch GET 200 https://registry.npmjs.org/react-router-dom 175ms (cache miss)
26 silly packumentCache full:https://registry.npmjs.org/react-router-dom set size:undefined disposed:false
27 silly fetch manifest @types/react@^18.3.5
28 silly packumentCache full:https://registry.npmjs.org/@types%2freact cache-miss
29 http fetch GET 200 https://registry.npmjs.org/@types%2freact 152ms (cache miss)
30 silly packumentCache full:https://registry.npmjs.org/@types%2freact set size:undefined disposed:false
31 silly fetch manifest @types/react-dom@^18.3.0
32 silly packumentCache full:https://registry.npmjs.org/@types%2freact-dom cache-miss
33 http fetch GET 200 https://registry.npmjs.org/@types%2freact-dom 109ms (cache miss)
34 silly packumentCache full:https://registry.npmjs.org/@types%2freact-dom set size:undefined disposed:false
35 silly fetch manifest @vitejs/plugin-react@^4.3.1
36 silly packumentCache full:https://registry.npmjs.org/@vitejs%2fplugin-react cache-miss
37 http fetch GET 200 https://registry.npmjs.org/@vitejs%2fplugin-react 60ms (cache miss)
38 silly packumentCache full:https://registry.npmjs.org/@vitejs%2fplugin-react set size:undefined disposed:false
39 silly fetch manifest vite@^5.4.8
40 silly packumentCache full:https://registry.npmjs.org/vite cache-miss
41 http fetch GET 200 https://registry.npmjs.org/vite 1804ms (cache miss)
42 silly packumentCache full:https://registry.npmjs.org/vite set size:undefined disposed:false
43 silly fetch manifest @types/node@^18.0.0 || >=20.0.0
44 silly packumentCache full:https://registry.npmjs.org/@types%2fnode cache-miss
45 http fetch GET 200 https://registry.npmjs.org/@types%2fnode 354ms (cache miss)
46 silly packumentCache full:https://registry.npmjs.org/@types%2fnode set size:undefined disposed:false
47 silly fetch manifest less@*
48 silly packumentCache full:https://registry.npmjs.org/less cache-miss
49 http fetch GET 200 https://registry.npmjs.org/less 297ms (cache miss)
50 silly packumentCache full:https://registry.npmjs.org/less set size:undefined disposed:false
51 silly fetch manifest lightningcss@^1.21.0
52 silly packumentCache full:https://registry.npmjs.org/lightningcss cache-miss
53 http fetch GET 200 https://registry.npmjs.org/lightningcss 49ms (cache miss)
54 silly packumentCache full:https://registry.npmjs.org/lightningcss set size:undefined disposed:false
55 silly fetch manifest sass@*
56 silly packumentCache full:https://registry.npmjs.org/sass cache-miss
57 http fetch GET 200 https://registry.npmjs.org/sass 92ms (cache miss)
58 silly packumentCache full:https://registry.npmjs.org/sass set size:undefined disposed:false
59 silly fetch manifest sass-embedded@*
60 silly packumentCache full:https://registry.npmjs.org/sass-embedded cache-miss
61 http fetch GET 200 https://registry.npmjs.org/sass-embedded 52ms (cache miss)
62 silly packumentCache full:https://registry.npmjs.org/sass-embedded set size:undefined disposed:false
63 silly fetch manifest stylus@*
64 silly packumentCache full:https://registry.npmjs.org/stylus cache-miss
65 http fetch GET 200 https://registry.npmjs.org/stylus 41ms (cache miss)
66 silly packumentCache full:https://registry.npmjs.org/stylus set size:undefined disposed:false
67 silly fetch manifest sugarss@*
68 silly packumentCache full:https://registry.npmjs.org/sugarss cache-miss
69 http fetch GET 200 https://registry.npmjs.org/sugarss 51ms (cache miss)
70 silly packumentCache full:https://registry.npmjs.org/sugarss set size:undefined disposed:false
71 silly fetch manifest postcss@^8.3.3
72 silly packumentCache full:https://registry.npmjs.org/postcss cache-miss
73 http fetch GET 200 https://registry.npmjs.org/postcss 79ms (cache miss)
74 silly packumentCache full:https://registry.npmjs.org/postcss set size:undefined disposed:false
75 silly fetch manifest terser@^5.4.0
76 silly packumentCache full:https://registry.npmjs.org/terser cache-miss
77 http fetch GET 200 https://registry.npmjs.org/terser 81ms (cache miss)
78 silly packumentCache full:https://registry.npmjs.org/terser set size:undefined disposed:false
79 silly fetch manifest typescript@^5.6.3
80 silly packumentCache full:https://registry.npmjs.org/typescript cache-miss
81 http fetch GET 200 https://registry.npmjs.org/typescript 437ms (cache miss)
82 silly packumentCache full:https://registry.npmjs.org/typescript set size:undefined disposed:false
83 silly placeDep ROOT @types/react@18.3.28 OK for: work-order-prototype@0.1.0 want: ^18.3.5
84 silly placeDep ROOT @types/react-dom@18.3.7 OK for: work-order-prototype@0.1.0 want: ^18.3.0
85 silly placeDep ROOT @vitejs/plugin-react@4.7.0 OK for: work-order-prototype@0.1.0 want: ^4.3.1
86 silly placeDep ROOT vite@5.4.21 OK for: @vitejs/plugin-react@4.7.0 want: ^4.2.0 || ^5.0.0 || ^6.0.0 || ^7.0.0
87 silly placeDep ROOT react@18.3.1 OK for: work-order-prototype@0.1.0 want: ^18.3.1
88 silly placeDep ROOT react-dom@18.3.1 OK for: work-order-prototype@0.1.0 want: ^18.3.1
89 silly placeDep ROOT react-router-dom@6.30.3 OK for: work-order-prototype@0.1.0 want: ^6.26.2
90 silly placeDep ROOT typescript@5.9.3 OK for: work-order-prototype@0.1.0 want: ^5.6.3
91 silly fetch manifest csstype@^3.2.2
92 silly packumentCache full:https://registry.npmjs.org/csstype cache-miss
93 silly fetch manifest @types/prop-types@*
94 silly packumentCache full:https://registry.npmjs.org/@types%2fprop-types cache-miss
95 silly fetch manifest @babel/core@^7.28.0
96 silly packumentCache full:https://registry.npmjs.org/@babel%2fcore cache-miss
97 silly fetch manifest react-refresh@^0.17.0
98 silly packumentCache full:https://registry.npmjs.org/react-refresh cache-miss
99 silly fetch manifest @types/babel__core@^7.20.5
100 silly packumentCache full:https://registry.npmjs.org/@types%2fbabel__core cache-miss
101 silly fetch manifest @rolldown/pluginutils@1.0.0-beta.27
102 silly packumentCache full:https://registry.npmjs.org/@rolldown%2fpluginutils cache-miss
103 silly fetch manifest @babel/plugin-transform-react-jsx-self@^7.27.1
104 silly packumentCache full:https://registry.npmjs.org/@babel%2fplugin-transform-react-jsx-self cache-miss
105 http fetch GET 200 https://registry.npmjs.org/@types%2fprop-types 70ms (cache miss)
106 silly packumentCache full:https://registry.npmjs.org/@types%2fprop-types set size:undefined disposed:false
107 silly fetch manifest @babel/plugin-transform-react-jsx-source@^7.27.1
108 silly packumentCache full:https://registry.npmjs.org/@babel%2fplugin-transform-react-jsx-source cache-miss
109 http fetch GET 200 https://registry.npmjs.org/@rolldown%2fpluginutils 115ms (cache miss)
110 silly packumentCache full:https://registry.npmjs.org/@rolldown%2fpluginutils set size:undefined disposed:false
111 silly fetch manifest rollup@^4.20.0
112 silly packumentCache full:https://registry.npmjs.org/rollup cache-miss
113 http fetch GET 200 https://registry.npmjs.org/@babel%2fcore 219ms (cache miss)
114 silly packumentCache full:https://registry.npmjs.org/@babel%2fcore set size:undefined disposed:false
115 silly fetch manifest esbuild@^0.21.3
116 silly packumentCache full:https://registry.npmjs.org/esbuild cache-miss
117 http fetch GET 200 https://registry.npmjs.org/csstype 320ms (cache miss)
118 silly packumentCache full:https://registry.npmjs.org/csstype set size:undefined disposed:false
119 silly fetch manifest postcss@^8.4.43
120 silly packumentCache full:https://registry.npmjs.org/postcss cache-miss
121 http cache https://registry.npmjs.org/postcss 18ms (cache hit)
122 silly packumentCache full:https://registry.npmjs.org/postcss set size:720302 disposed:false
123 silly fetch manifest fsevents@~2.3.3
124 silly packumentCache full:https://registry.npmjs.org/fsevents cache-miss
125 http fetch GET 200 https://registry.npmjs.org/react-refresh 435ms (cache miss)
126 silly packumentCache full:https://registry.npmjs.org/react-refresh set size:undefined disposed:false
127 silly fetch manifest loose-envify@^1.1.0
128 silly packumentCache full:https://registry.npmjs.org/loose-envify cache-miss
129 http fetch GET 200 https://registry.npmjs.org/esbuild 277ms (cache miss)
130 silly packumentCache full:https://registry.npmjs.org/esbuild set size:undefined disposed:false
131 silly fetch manifest scheduler@^0.23.2
132 silly packumentCache full:https://registry.npmjs.org/scheduler cache-miss
133 http fetch GET 200 https://registry.npmjs.org/loose-envify 44ms (cache miss)
134 silly packumentCache full:https://registry.npmjs.org/loose-envify set size:undefined disposed:false
135 silly fetch manifest react-router@6.30.3
136 silly packumentCache full:https://registry.npmjs.org/react-router cache-miss
137 http fetch GET 200 https://registry.npmjs.org/rollup 416ms (cache miss)
138 silly packumentCache full:https://registry.npmjs.org/rollup set size:undefined disposed:false
139 silly fetch manifest @remix-run/router@1.23.2
140 silly packumentCache full:https://registry.npmjs.org/@remix-run%2frouter cache-miss
141 http fetch GET 200 https://registry.npmjs.org/@babel%2fplugin-transform-react-jsx-self 598ms (cache miss)
142 silly packumentCache full:https://registry.npmjs.org/@babel%2fplugin-transform-react-jsx-self set size:undefined disposed:false
143 http fetch GET 200 https://registry.npmjs.org/@types%2fbabel__core 612ms (cache miss)
144 silly packumentCache full:https://registry.npmjs.org/@types%2fbabel__core set size:undefined disposed:false
145 http fetch GET 200 https://registry.npmjs.org/@babel%2fplugin-transform-react-jsx-source 547ms (cache miss)
146 silly packumentCache full:https://registry.npmjs.org/@babel%2fplugin-transform-react-jsx-source set size:undefined disposed:false
147 http fetch GET 200 https://registry.npmjs.org/fsevents 432ms (cache miss)
148 silly packumentCache full:https://registry.npmjs.org/fsevents set size:undefined disposed:false
149 http fetch GET 200 https://registry.npmjs.org/react-router 600ms (cache miss)
150 silly packumentCache full:https://registry.npmjs.org/react-router set size:undefined disposed:false
151 http fetch GET 200 https://registry.npmjs.org/scheduler 684ms (cache miss)
152 silly packumentCache full:https://registry.npmjs.org/scheduler set size:undefined disposed:false
153 http fetch GET 200 https://registry.npmjs.org/@remix-run%2frouter 937ms (cache miss)
154 silly packumentCache full:https://registry.npmjs.org/@remix-run%2frouter set size:undefined disposed:false
155 silly placeDep ROOT @types/prop-types@15.7.15 OK for: @types/react@18.3.28 want: *
156 silly placeDep ROOT csstype@3.2.3 OK for: @types/react@18.3.28 want: ^3.2.2
157 silly placeDep ROOT @babel/core@7.29.0 OK for: @vitejs/plugin-react@4.7.0 want: ^7.28.0
158 silly placeDep ROOT @babel/plugin-transform-react-jsx-self@7.27.1 OK for: @vitejs/plugin-react@4.7.0 want: ^7.27.1
159 silly placeDep ROOT @babel/plugin-transform-react-jsx-source@7.27.1 OK for: @vitejs/plugin-react@4.7.0 want: ^7.27.1
160 silly placeDep ROOT @rolldown/pluginutils@1.0.0-beta.27 OK for: @vitejs/plugin-react@4.7.0 want: 1.0.0-beta.27
161 silly placeDep ROOT @types/babel__core@7.20.5 OK for: @vitejs/plugin-react@4.7.0 want: ^7.20.5
162 silly placeDep ROOT react-refresh@0.17.0 OK for: @vitejs/plugin-react@4.7.0 want: ^0.17.0
163 silly fetch manifest debug@^4.1.0
164 silly packumentCache full:https://registry.npmjs.org/debug cache-miss
165 silly fetch manifest json5@^2.2.3
166 silly packumentCache full:https://registry.npmjs.org/json5 cache-miss
167 silly fetch manifest semver@^6.3.1
168 silly packumentCache full:https://registry.npmjs.org/semver cache-miss
169 silly fetch manifest gensync@^1.0.0-beta.2
170 silly packumentCache full:https://registry.npmjs.org/gensync cache-miss
171 silly fetch manifest @babel/types@^7.29.0
172 silly packumentCache full:https://registry.npmjs.org/@babel%2ftypes cache-miss
173 silly fetch manifest @babel/parser@^7.29.0
174 silly packumentCache full:https://registry.npmjs.org/@babel%2fparser cache-miss
175 silly fetch manifest @babel/helpers@^7.28.6
176 silly packumentCache full:https://registry.npmjs.org/@babel%2fhelpers cache-miss
177 http fetch GET 200 https://registry.npmjs.org/gensync 139ms (cache miss)
178 silly packumentCache full:https://registry.npmjs.org/gensync set size:undefined disposed:false
179 silly fetch manifest @babel/template@^7.28.6
180 silly packumentCache full:https://registry.npmjs.org/@babel%2ftemplate cache-miss
181 http fetch GET 200 https://registry.npmjs.org/debug 160ms (cache miss)
182 silly packumentCache full:https://registry.npmjs.org/debug set size:undefined disposed:false
183 silly fetch manifest @babel/traverse@^7.29.0
184 silly packumentCache full:https://registry.npmjs.org/@babel%2ftraverse cache-miss
185 http fetch GET 200 https://registry.npmjs.org/@babel%2ftypes 227ms (cache miss)
186 silly packumentCache full:https://registry.npmjs.org/@babel%2ftypes set size:undefined disposed:false
187 silly fetch manifest @babel/generator@^7.29.0
188 silly packumentCache full:https://registry.npmjs.org/@babel%2fgenerator cache-miss
189 http fetch GET 200 https://registry.npmjs.org/@babel%2fhelpers 245ms (cache miss)
190 silly packumentCache full:https://registry.npmjs.org/@babel%2fhelpers set size:undefined disposed:false
191 silly fetch manifest @babel/code-frame@^7.29.0
192 silly packumentCache full:https://registry.npmjs.org/@babel%2fcode-frame cache-miss
193 http fetch GET 200 https://registry.npmjs.org/@babel%2fparser 252ms (cache miss)
194 silly packumentCache full:https://registry.npmjs.org/@babel%2fparser set size:undefined disposed:false
195 silly fetch manifest convert-source-map@^2.0.0
196 silly packumentCache full:https://registry.npmjs.org/convert-source-map cache-miss
197 http fetch GET 200 https://registry.npmjs.org/@babel%2ftemplate 128ms (cache miss)
198 silly packumentCache full:https://registry.npmjs.org/@babel%2ftemplate set size:undefined disposed:false
199 silly fetch manifest @jridgewell/remapping@^2.3.5
200 silly packumentCache full:https://registry.npmjs.org/@jridgewell%2fremapping cache-miss
201 http fetch GET 200 https://registry.npmjs.org/@babel%2ftraverse 119ms (cache miss)
202 silly packumentCache full:https://registry.npmjs.org/@babel%2ftraverse set size:undefined disposed:false
203 silly fetch manifest @babel/helper-module-transforms@^7.28.6
204 silly packumentCache full:https://registry.npmjs.org/@babel%2fhelper-module-transforms cache-miss
205 http fetch GET 200 https://registry.npmjs.org/semver 333ms (cache miss)
206 silly packumentCache full:https://registry.npmjs.org/semver set size:undefined disposed:false
207 silly fetch manifest @babel/helper-compilation-targets@^7.28.6
208 silly packumentCache full:https://registry.npmjs.org/@babel%2fhelper-compilation-targets cache-miss
209 http fetch GET 200 https://registry.npmjs.org/convert-source-map 76ms (cache miss)
210 silly packumentCache full:https://registry.npmjs.org/convert-source-map set size:undefined disposed:false
211 silly fetch manifest @babel/helper-plugin-utils@^7.27.1
212 silly packumentCache full:https://registry.npmjs.org/@babel%2fhelper-plugin-utils cache-miss
213 http fetch GET 200 https://registry.npmjs.org/@babel%2fgenerator 102ms (cache miss)
214 silly packumentCache full:https://registry.npmjs.org/@babel%2fgenerator set size:undefined disposed:false
215 silly fetch manifest @babel/helper-plugin-utils@^7.27.1
216 silly packumentCache full:https://registry.npmjs.org/@babel%2fhelper-plugin-utils cache-miss
217 http fetch GET 200 https://registry.npmjs.org/@babel%2fhelper-module-transforms 69ms (cache miss)
218 silly packumentCache full:https://registry.npmjs.org/@babel%2fhelper-module-transforms set size:undefined disposed:false
219 silly fetch manifest @babel/types@^7.20.7
220 silly packumentCache full:https://registry.npmjs.org/@babel%2ftypes cache-miss
221 http cache https://registry.npmjs.org/@babel%2ftypes 9ms (cache hit)
222 silly packumentCache full:https://registry.npmjs.org/@babel%2ftypes set size:491978 disposed:false
223 silly fetch manifest @babel/parser@^7.20.7
224 silly packumentCache full:https://registry.npmjs.org/@babel%2fparser cache-miss
225 http cache https://registry.npmjs.org/@babel%2fparser 9ms (cache hit)
226 silly packumentCache full:https://registry.npmjs.org/@babel%2fparser set size:725652 disposed:false
227 silly fetch manifest @types/babel__template@*
228 silly packumentCache full:https://registry.npmjs.org/@types%2fbabel__template cache-miss
229 http fetch GET 200 https://registry.npmjs.org/@babel%2fhelper-compilation-targets 58ms (cache miss)
230 silly packumentCache full:https://registry.npmjs.org/@babel%2fhelper-compilation-targets set size:undefined disposed:false
231 silly fetch manifest @types/babel__traverse@*
232 silly packumentCache full:https://registry.npmjs.org/@types%2fbabel__traverse cache-miss
233 http fetch GET 200 https://registry.npmjs.org/@babel%2fcode-frame 307ms (cache miss)
234 silly packumentCache full:https://registry.npmjs.org/@babel%2fcode-frame set size:undefined disposed:false
235 silly fetch manifest @types/babel__generator@*
236 silly packumentCache full:https://registry.npmjs.org/@types%2fbabel__generator cache-miss
237 http fetch GET 200 https://registry.npmjs.org/@jridgewell%2fremapping 354ms (cache miss)
238 silly packumentCache full:https://registry.npmjs.org/@jridgewell%2fremapping set size:undefined disposed:false
239 http fetch GET 200 https://registry.npmjs.org/json5 725ms (cache miss)
240 silly packumentCache full:https://registry.npmjs.org/json5 set size:undefined disposed:false
241 http fetch GET 200 https://registry.npmjs.org/@babel%2fhelper-plugin-utils 527ms (cache miss)
242 silly packumentCache full:https://registry.npmjs.org/@babel%2fhelper-plugin-utils set size:undefined disposed:false
243 http fetch GET 200 https://registry.npmjs.org/@babel%2fhelper-plugin-utils 538ms (cache miss)
244 silly packumentCache full:https://registry.npmjs.org/@babel%2fhelper-plugin-utils set size:undefined disposed:false
245 http fetch GET 200 https://registry.npmjs.org/@types%2fbabel__template 507ms (cache miss)
246 silly packumentCache full:https://registry.npmjs.org/@types%2fbabel__template set size:undefined disposed:false
247 http fetch GET 200 https://registry.npmjs.org/@types%2fbabel__traverse 538ms (cache miss)
248 silly packumentCache full:https://registry.npmjs.org/@types%2fbabel__traverse set size:undefined disposed:false
249 http fetch GET 200 https://registry.npmjs.org/@types%2fbabel__generator 532ms (cache miss)
250 silly packumentCache full:https://registry.npmjs.org/@types%2fbabel__generator set size:undefined disposed:false
251 silly fetch manifest @babel/core@^7.0.0
252 silly packumentCache full:https://registry.npmjs.org/@babel%2fcore cache-miss
253 http cache https://registry.npmjs.org/@babel%2fcore 17ms (cache hit)
254 silly packumentCache full:https://registry.npmjs.org/@babel%2fcore set size:768033 disposed:false
255 silly placeDep ROOT @babel/code-frame@7.29.0 OK for: @babel/core@7.29.0 want: ^7.29.0
256 silly placeDep ROOT @babel/generator@7.29.1 OK for: @babel/core@7.29.0 want: ^7.29.0
257 silly placeDep ROOT @babel/helper-compilation-targets@7.28.6 OK for: @babel/core@7.29.0 want: ^7.28.6
258 silly placeDep ROOT @babel/helper-module-transforms@7.28.6 OK for: @babel/core@7.29.0 want: ^7.28.6
259 silly placeDep ROOT @babel/helpers@7.29.2 OK for: @babel/core@7.29.0 want: ^7.28.6
260 silly placeDep ROOT @babel/parser@7.29.3 OK for: @babel/core@7.29.0 want: ^7.29.0
261 silly placeDep ROOT @babel/template@7.28.6 OK for: @babel/core@7.29.0 want: ^7.28.6
262 silly placeDep ROOT @babel/traverse@7.29.0 OK for: @babel/core@7.29.0 want: ^7.29.0
263 silly placeDep ROOT @babel/types@7.29.0 OK for: @babel/core@7.29.0 want: ^7.29.0
264 silly placeDep ROOT @jridgewell/remapping@2.3.5 OK for: @babel/core@7.29.0 want: ^2.3.5
265 silly placeDep ROOT convert-source-map@2.0.0 OK for: @babel/core@7.29.0 want: ^2.0.0
266 silly placeDep ROOT debug@4.4.3 OK for: @babel/core@7.29.0 want: ^4.1.0
267 silly placeDep ROOT gensync@1.0.0-beta.2 OK for: @babel/core@7.29.0 want: ^1.0.0-beta.2
268 silly placeDep ROOT json5@2.2.3 OK for: @babel/core@7.29.0 want: ^2.2.3
269 silly placeDep ROOT semver@6.3.1 OK for: @babel/core@7.29.0 want: ^6.3.1
270 silly fetch manifest js-tokens@^4.0.0
271 silly packumentCache full:https://registry.npmjs.org/js-tokens cache-miss
272 silly fetch manifest picocolors@^1.1.1
273 silly packumentCache full:https://registry.npmjs.org/picocolors cache-miss
274 silly fetch manifest @babel/helper-validator-identifier@^7.28.5
275 silly packumentCache full:https://registry.npmjs.org/@babel%2fhelper-validator-identifier cache-miss
276 silly fetch manifest jsesc@^3.0.2
277 silly packumentCache full:https://registry.npmjs.org/jsesc cache-miss
278 silly fetch manifest @jridgewell/gen-mapping@^0.3.12
279 silly packumentCache full:https://registry.npmjs.org/@jridgewell%2fgen-mapping cache-miss
280 silly fetch manifest @jridgewell/trace-mapping@^0.3.28
281 silly packumentCache full:https://registry.npmjs.org/@jridgewell%2ftrace-mapping cache-miss
282 silly fetch manifest lru-cache@^5.1.1
283 silly packumentCache full:https://registry.npmjs.org/lru-cache cache-miss
284 http fetch GET 200 https://registry.npmjs.org/@babel%2fhelper-validator-identifier 40ms (cache miss)
285 silly packumentCache full:https://registry.npmjs.org/@babel%2fhelper-validator-identifier set size:undefined disposed:false
286 silly fetch manifest browserslist@^4.24.0
287 silly packumentCache full:https://registry.npmjs.org/browserslist cache-miss
288 http fetch GET 200 https://registry.npmjs.org/lru-cache 48ms (cache miss)
289 silly packumentCache full:https://registry.npmjs.org/lru-cache set size:undefined disposed:false
290 silly fetch manifest @babel/compat-data@^7.28.6
291 silly packumentCache full:https://registry.npmjs.org/@babel%2fcompat-data cache-miss
292 http fetch GET 200 https://registry.npmjs.org/picocolors 80ms (cache miss)
293 silly packumentCache full:https://registry.npmjs.org/picocolors set size:undefined disposed:false
294 silly fetch manifest @babel/helper-validator-option@^7.27.1
295 silly packumentCache full:https://registry.npmjs.org/@babel%2fhelper-validator-option cache-miss
296 http fetch GET 200 https://registry.npmjs.org/@babel%2fcompat-data 42ms (cache miss)
297 silly packumentCache full:https://registry.npmjs.org/@babel%2fcompat-data set size:undefined disposed:false
298 silly fetch manifest @babel/traverse@^7.28.6
299 silly packumentCache full:https://registry.npmjs.org/@babel%2ftraverse cache-miss
300 http cache https://registry.npmjs.org/@babel%2ftraverse 6ms (cache hit)
301 silly packumentCache full:https://registry.npmjs.org/@babel%2ftraverse set size:553169 disposed:false
302 silly fetch manifest @babel/helper-module-imports@^7.28.6
303 silly packumentCache full:https://registry.npmjs.org/@babel%2fhelper-module-imports cache-miss
304 http fetch GET 200 https://registry.npmjs.org/@babel%2fhelper-validator-option 42ms (cache miss)
305 silly packumentCache full:https://registry.npmjs.org/@babel%2fhelper-validator-option set size:undefined disposed:false
306 silly fetch manifest @babel/types@^7.28.6
307 silly packumentCache full:https://registry.npmjs.org/@babel%2ftypes cache-hit
308 silly fetch manifest debug@^4.3.1
309 silly packumentCache full:https://registry.npmjs.org/debug cache-miss
310 http cache https://registry.npmjs.org/debug 6ms (cache hit)
311 silly packumentCache full:https://registry.npmjs.org/debug set size:195840 disposed:false
312 silly fetch manifest @babel/helper-globals@^7.28.0
313 silly packumentCache full:https://registry.npmjs.org/@babel%2fhelper-globals cache-miss
314 http fetch GET 200 https://registry.npmjs.org/@babel%2fhelper-module-imports 37ms (cache miss)
315 silly packumentCache full:https://registry.npmjs.org/@babel%2fhelper-module-imports set size:undefined disposed:false
316 silly fetch manifest @babel/helper-string-parser@^7.27.1
317 silly packumentCache full:https://registry.npmjs.org/@babel%2fhelper-string-parser cache-miss
318 http fetch GET 200 https://registry.npmjs.org/@babel%2fhelper-globals 40ms (cache miss)
319 silly packumentCache full:https://registry.npmjs.org/@babel%2fhelper-globals set size:undefined disposed:false
320 silly fetch manifest @jridgewell/gen-mapping@^0.3.5
321 silly packumentCache full:https://registry.npmjs.org/@jridgewell%2fgen-mapping cache-miss
322 http fetch GET 200 https://registry.npmjs.org/@babel%2fhelper-string-parser 31ms (cache miss)
323 silly packumentCache full:https://registry.npmjs.org/@babel%2fhelper-string-parser set size:undefined disposed:false
324 silly fetch manifest @jridgewell/trace-mapping@^0.3.24
325 silly packumentCache full:https://registry.npmjs.org/@jridgewell%2ftrace-mapping cache-miss
326 http fetch GET 200 https://registry.npmjs.org/jsesc 285ms (cache miss)
327 silly packumentCache full:https://registry.npmjs.org/jsesc set size:undefined disposed:false
328 silly fetch manifest ms@^2.1.3
329 silly packumentCache full:https://registry.npmjs.org/ms cache-miss
330 http fetch GET 200 https://registry.npmjs.org/js-tokens 292ms (cache miss)
331 silly packumentCache full:https://registry.npmjs.org/js-tokens set size:undefined disposed:false
332 http fetch GET 200 https://registry.npmjs.org/ms 48ms (cache miss)
333 silly packumentCache full:https://registry.npmjs.org/ms set size:undefined disposed:false
334 http fetch GET 200 https://registry.npmjs.org/browserslist 299ms (cache miss)
335 silly packumentCache full:https://registry.npmjs.org/browserslist set size:undefined disposed:false
336 http fetch GET 200 https://registry.npmjs.org/@jridgewell%2fgen-mapping 191ms (cache miss)
337 silly packumentCache full:https://registry.npmjs.org/@jridgewell%2fgen-mapping set size:undefined disposed:false
338 http fetch GET 200 https://registry.npmjs.org/@jridgewell%2fgen-mapping 373ms (cache miss)
339 silly packumentCache full:https://registry.npmjs.org/@jridgewell%2fgen-mapping set size:undefined disposed:false
340 http fetch GET 200 https://registry.npmjs.org/@jridgewell%2ftrace-mapping 189ms (cache miss)
341 silly packumentCache full:https://registry.npmjs.org/@jridgewell%2ftrace-mapping set size:undefined disposed:false
342 http fetch GET 200 https://registry.npmjs.org/@jridgewell%2ftrace-mapping 377ms (cache miss)
343 silly packumentCache full:https://registry.npmjs.org/@jridgewell%2ftrace-mapping set size:undefined disposed:false
344 silly placeDep ROOT @babel/helper-validator-identifier@7.28.5 OK for: @babel/code-frame@7.29.0 want: ^7.28.5
345 silly placeDep ROOT js-tokens@4.0.0 OK for: @babel/code-frame@7.29.0 want: ^4.0.0
346 silly placeDep ROOT picocolors@1.1.1 OK for: @babel/code-frame@7.29.0 want: ^1.1.1
347 silly placeDep ROOT @jridgewell/gen-mapping@0.3.13 OK for: @babel/generator@7.29.1 want: ^0.3.12
348 silly placeDep ROOT @jridgewell/trace-mapping@0.3.31 OK for: @babel/generator@7.29.1 want: ^0.3.28
349 silly placeDep ROOT jsesc@3.1.0 OK for: @babel/generator@7.29.1 want: ^3.0.2
350 silly fetch manifest @jridgewell/sourcemap-codec@^1.5.0
351 silly packumentCache full:https://registry.npmjs.org/@jridgewell%2fsourcemap-codec cache-miss
352 silly fetch manifest @jridgewell/resolve-uri@^3.1.0
353 silly packumentCache full:https://registry.npmjs.org/@jridgewell%2fresolve-uri cache-miss
354 silly fetch manifest @jridgewell/sourcemap-codec@^1.4.14
355 silly packumentCache full:https://registry.npmjs.org/@jridgewell%2fsourcemap-codec cache-miss
356 http fetch GET 200 https://registry.npmjs.org/@jridgewell%2fresolve-uri 580ms (cache miss)
357 silly packumentCache full:https://registry.npmjs.org/@jridgewell%2fresolve-uri set size:undefined disposed:false
358 http fetch GET 200 https://registry.npmjs.org/@jridgewell%2fsourcemap-codec 837ms (cache miss)
359 silly packumentCache full:https://registry.npmjs.org/@jridgewell%2fsourcemap-codec set size:undefined disposed:false
360 http fetch GET 200 https://registry.npmjs.org/@jridgewell%2fsourcemap-codec 840ms (cache miss)
361 silly packumentCache full:https://registry.npmjs.org/@jridgewell%2fsourcemap-codec set size:undefined disposed:false
362 silly placeDep ROOT @babel/compat-data@7.29.3 OK for: @babel/helper-compilation-targets@7.28.6 want: ^7.28.6
363 silly placeDep ROOT @babel/helper-validator-option@7.27.1 OK for: @babel/helper-compilation-targets@7.28.6 want: ^7.27.1
364 silly placeDep ROOT browserslist@4.28.2 OK for: @babel/helper-compilation-targets@7.28.6 want: ^4.24.0
365 silly placeDep ROOT lru-cache@5.1.1 OK for: @babel/helper-compilation-targets@7.28.6 want: ^5.1.1
366 silly fetch manifest baseline-browser-mapping@^2.10.12
367 silly packumentCache full:https://registry.npmjs.org/baseline-browser-mapping cache-miss
368 silly fetch manifest caniuse-lite@^1.0.30001782
369 silly packumentCache full:https://registry.npmjs.org/caniuse-lite cache-miss
370 silly fetch manifest electron-to-chromium@^1.5.328
371 silly packumentCache full:https://registry.npmjs.org/electron-to-chromium cache-miss
372 silly fetch manifest node-releases@^2.0.36
373 silly packumentCache full:https://registry.npmjs.org/node-releases cache-miss
374 silly fetch manifest update-browserslist-db@^1.2.3
375 silly packumentCache full:https://registry.npmjs.org/update-browserslist-db cache-miss
376 silly fetch manifest yallist@^3.0.2
377 silly packumentCache full:https://registry.npmjs.org/yallist cache-miss
378 http fetch GET 200 https://registry.npmjs.org/yallist 43ms (cache miss)
379 silly packumentCache full:https://registry.npmjs.org/yallist set size:undefined disposed:false
380 http fetch GET 200 https://registry.npmjs.org/update-browserslist-db 48ms (cache miss)
381 silly packumentCache full:https://registry.npmjs.org/update-browserslist-db set size:undefined disposed:false
382 http fetch GET 200 https://registry.npmjs.org/baseline-browser-mapping 57ms (cache miss)
383 silly packumentCache full:https://registry.npmjs.org/baseline-browser-mapping set size:undefined disposed:false
384 http fetch GET 200 https://registry.npmjs.org/node-releases 65ms (cache miss)
385 silly packumentCache full:https://registry.npmjs.org/node-releases set size:undefined disposed:false
386 http fetch GET 200 https://registry.npmjs.org/caniuse-lite 219ms (cache miss)
387 silly packumentCache full:https://registry.npmjs.org/caniuse-lite set size:undefined disposed:false
388 http fetch GET 200 https://registry.npmjs.org/electron-to-chromium 337ms (cache miss)
389 silly packumentCache full:https://registry.npmjs.org/electron-to-chromium set size:undefined disposed:false
390 silly placeDep ROOT @babel/helper-module-imports@7.28.6 OK for: @babel/helper-module-transforms@7.28.6 want: ^7.28.6
391 silly placeDep ROOT @babel/helper-plugin-utils@7.28.6 OK for: @babel/plugin-transform-react-jsx-self@7.27.1 want: ^7.27.1
392 silly placeDep ROOT @babel/helper-globals@7.28.0 OK for: @babel/traverse@7.29.0 want: ^7.28.0
393 silly placeDep ROOT @babel/helper-string-parser@7.27.1 OK for: @babel/types@7.29.0 want: ^7.27.1
394 silly placeDep ROOT @jridgewell/sourcemap-codec@1.5.5 OK for: @jridgewell/gen-mapping@0.3.13 want: ^1.5.0
395 silly placeDep ROOT @jridgewell/resolve-uri@3.1.2 OK for: @jridgewell/trace-mapping@0.3.31 want: ^3.1.0
396 silly placeDep ROOT @types/babel__generator@7.27.0 OK for: @types/babel__core@7.20.5 want: *
397 silly placeDep ROOT @types/babel__template@7.4.4 OK for: @types/babel__core@7.20.5 want: *
398 silly placeDep ROOT @types/babel__traverse@7.28.0 OK for: @types/babel__core@7.20.5 want: *
399 silly fetch manifest browserslist@>= 4.21.0
400 silly packumentCache full:https://registry.npmjs.org/browserslist cache-miss
401 http cache https://registry.npmjs.org/browserslist 8ms (cache hit)
402 silly packumentCache full:https://registry.npmjs.org/browserslist set size:504681 disposed:false
403 silly placeDep ROOT baseline-browser-mapping@2.10.29 OK for: browserslist@4.28.2 want: ^2.10.12
404 silly placeDep ROOT caniuse-lite@1.0.30001792 OK for: browserslist@4.28.2 want: ^1.0.30001782
405 silly placeDep ROOT electron-to-chromium@1.5.355 OK for: browserslist@4.28.2 want: ^1.5.328
406 silly placeDep ROOT node-releases@2.0.44 OK for: browserslist@4.28.2 want: ^2.0.36
407 silly placeDep ROOT update-browserslist-db@1.2.3 OK for: browserslist@4.28.2 want: ^1.2.3
408 silly fetch manifest escalade@^3.2.0
409 silly packumentCache full:https://registry.npmjs.org/escalade cache-miss
410 http fetch GET 200 https://registry.npmjs.org/escalade 285ms (cache miss)
411 silly packumentCache full:https://registry.npmjs.org/escalade set size:undefined disposed:false
412 silly placeDep ROOT ms@2.1.3 OK for: debug@4.4.3 want: ^2.1.3
413 silly placeDep ROOT yallist@3.1.1 OK for: lru-cache@5.1.1 want: ^3.0.2
414 silly placeDep ROOT loose-envify@1.4.0 OK for: react@18.3.1 want: ^1.1.0
415 silly placeDep ROOT scheduler@0.23.2 OK for: react-dom@18.3.1 want: ^0.23.2
416 silly fetch manifest react@>=16.8
417 silly packumentCache full:https://registry.npmjs.org/react cache-miss
418 http cache https://registry.npmjs.org/react 78ms (cache hit)
419 silly packumentCache full:https://registry.npmjs.org/react set size:6650647 disposed:false
420 silly placeDep ROOT @remix-run/router@1.23.2 OK for: react-router-dom@6.30.3 want: 1.23.2
421 silly placeDep ROOT react-router@6.30.3 OK for: react-router-dom@6.30.3 want: 6.30.3
422 silly placeDep ROOT escalade@3.2.0 OK for: update-browserslist-db@1.2.3 want: ^3.2.0
423 silly placeDep ROOT esbuild@0.21.5 OK for: vite@5.4.21 want: ^0.21.3
424 silly placeDep ROOT fsevents@2.3.3 OK for: vite@5.4.21 want: ~2.3.3
425 silly placeDep ROOT postcss@8.5.14 OK for: vite@5.4.21 want: ^8.4.43
426 silly placeDep ROOT rollup@4.60.3 OK for: vite@5.4.21 want: ^4.20.0
427 silly fetch manifest @esbuild/aix-ppc64@0.21.5
428 silly packumentCache full:https://registry.npmjs.org/@esbuild%2faix-ppc64 cache-miss
429 silly fetch manifest @esbuild/linux-arm@0.21.5
430 silly packumentCache full:https://registry.npmjs.org/@esbuild%2flinux-arm cache-miss
431 silly fetch manifest @esbuild/linux-x64@0.21.5
432 silly packumentCache full:https://registry.npmjs.org/@esbuild%2flinux-x64 cache-miss
433 silly fetch manifest @esbuild/sunos-x64@0.21.5
434 silly packumentCache full:https://registry.npmjs.org/@esbuild%2fsunos-x64 cache-miss
435 silly fetch manifest @esbuild/win32-x64@0.21.5
436 silly packumentCache full:https://registry.npmjs.org/@esbuild%2fwin32-x64 cache-miss
437 silly fetch manifest @esbuild/darwin-x64@0.21.5
438 silly packumentCache full:https://registry.npmjs.org/@esbuild%2fdarwin-x64 cache-miss
439 silly fetch manifest @esbuild/linux-ia32@0.21.5
440 silly packumentCache full:https://registry.npmjs.org/@esbuild%2flinux-ia32 cache-miss
441 http fetch GET 200 https://registry.npmjs.org/@esbuild%2faix-ppc64 58ms (cache miss)
442 silly packumentCache full:https://registry.npmjs.org/@esbuild%2faix-ppc64 set size:undefined disposed:false
443 silly fetch manifest @esbuild/netbsd-x64@0.21.5
444 silly packumentCache full:https://registry.npmjs.org/@esbuild%2fnetbsd-x64 cache-miss
445 http fetch GET 200 https://registry.npmjs.org/@esbuild%2fwin32-x64 76ms (cache miss)
446 silly packumentCache full:https://registry.npmjs.org/@esbuild%2fwin32-x64 set size:undefined disposed:false
447 silly fetch manifest @esbuild/win32-ia32@0.21.5
448 silly packumentCache full:https://registry.npmjs.org/@esbuild%2fwin32-ia32 cache-miss
449 http fetch GET 200 https://registry.npmjs.org/@esbuild%2flinux-x64 82ms (cache miss)
450 silly packumentCache full:https://registry.npmjs.org/@esbuild%2flinux-x64 set size:undefined disposed:false
451 silly fetch manifest @esbuild/android-arm@0.21.5
452 silly packumentCache full:https://registry.npmjs.org/@esbuild%2fandroid-arm cache-miss
453 http fetch GET 200 https://registry.npmjs.org/@esbuild%2flinux-ia32 98ms (cache miss)
454 silly packumentCache full:https://registry.npmjs.org/@esbuild%2flinux-ia32 set size:undefined disposed:false
455 silly fetch manifest @esbuild/android-x64@0.21.5
456 silly packumentCache full:https://registry.npmjs.org/@esbuild%2fandroid-x64 cache-miss
457 http fetch GET 200 https://registry.npmjs.org/@esbuild%2fdarwin-x64 102ms (cache miss)
458 silly packumentCache full:https://registry.npmjs.org/@esbuild%2fdarwin-x64 set size:undefined disposed:false
459 silly fetch manifest @esbuild/freebsd-x64@0.21.5
460 silly packumentCache full:https://registry.npmjs.org/@esbuild%2ffreebsd-x64 cache-miss
461 http fetch GET 200 https://registry.npmjs.org/@esbuild%2flinux-arm 109ms (cache miss)
462 silly packumentCache full:https://registry.npmjs.org/@esbuild%2flinux-arm set size:undefined disposed:false
463 silly fetch manifest @esbuild/linux-arm64@0.21.5
464 silly packumentCache full:https://registry.npmjs.org/@esbuild%2flinux-arm64 cache-miss
465 http fetch GET 200 https://registry.npmjs.org/@esbuild%2fsunos-x64 114ms (cache miss)
466 silly packumentCache full:https://registry.npmjs.org/@esbuild%2fsunos-x64 set size:undefined disposed:false
467 silly fetch manifest @esbuild/linux-ppc64@0.21.5
468 silly packumentCache full:https://registry.npmjs.org/@esbuild%2flinux-ppc64 cache-miss
469 http fetch GET 200 https://registry.npmjs.org/@esbuild%2fnetbsd-x64 72ms (cache miss)
470 silly packumentCache full:https://registry.npmjs.org/@esbuild%2fnetbsd-x64 set size:undefined disposed:false
471 silly fetch manifest @esbuild/linux-s390x@0.21.5
472 silly packumentCache full:https://registry.npmjs.org/@esbuild%2flinux-s390x cache-miss
473 http fetch GET 200 https://registry.npmjs.org/@esbuild%2fwin32-ia32 60ms (cache miss)
474 silly packumentCache full:https://registry.npmjs.org/@esbuild%2fwin32-ia32 set size:undefined disposed:false
475 silly fetch manifest @esbuild/openbsd-x64@0.21.5
476 silly packumentCache full:https://registry.npmjs.org/@esbuild%2fopenbsd-x64 cache-miss
477 http fetch GET 200 https://registry.npmjs.org/@esbuild%2fandroid-x64 59ms (cache miss)
478 silly packumentCache full:https://registry.npmjs.org/@esbuild%2fandroid-x64 set size:undefined disposed:false
479 silly fetch manifest @esbuild/win32-arm64@0.21.5
480 silly packumentCache full:https://registry.npmjs.org/@esbuild%2fwin32-arm64 cache-miss
481 http fetch GET 200 https://registry.npmjs.org/@esbuild%2fandroid-arm 82ms (cache miss)
482 silly packumentCache full:https://registry.npmjs.org/@esbuild%2fandroid-arm set size:undefined disposed:false
483 silly fetch manifest @esbuild/darwin-arm64@0.21.5
484 silly packumentCache full:https://registry.npmjs.org/@esbuild%2fdarwin-arm64 cache-miss
485 http fetch GET 200 https://registry.npmjs.org/@esbuild%2ffreebsd-x64 66ms (cache miss)
486 silly packumentCache full:https://registry.npmjs.org/@esbuild%2ffreebsd-x64 set size:undefined disposed:false
487 silly fetch manifest @esbuild/android-arm64@0.21.5
488 silly packumentCache full:https://registry.npmjs.org/@esbuild%2fandroid-arm64 cache-miss
489 http fetch GET 200 https://registry.npmjs.org/@esbuild%2flinux-ppc64 69ms (cache miss)
490 silly packumentCache full:https://registry.npmjs.org/@esbuild%2flinux-ppc64 set size:undefined disposed:false
491 silly fetch manifest @esbuild/freebsd-arm64@0.21.5
492 silly packumentCache full:https://registry.npmjs.org/@esbuild%2ffreebsd-arm64 cache-miss
493 http fetch GET 200 https://registry.npmjs.org/@esbuild%2flinux-arm64 79ms (cache miss)
494 silly packumentCache full:https://registry.npmjs.org/@esbuild%2flinux-arm64 set size:undefined disposed:false
495 silly fetch manifest @esbuild/linux-loong64@0.21.5
496 silly packumentCache full:https://registry.npmjs.org/@esbuild%2flinux-loong64 cache-miss
497 http fetch GET 200 https://registry.npmjs.org/@esbuild%2fdarwin-arm64 59ms (cache miss)
498 silly packumentCache full:https://registry.npmjs.org/@esbuild%2fdarwin-arm64 set size:undefined disposed:false
499 silly fetch manifest @esbuild/linux-riscv64@0.21.5
500 silly packumentCache full:https://registry.npmjs.org/@esbuild%2flinux-riscv64 cache-miss
501 http fetch GET 200 https://registry.npmjs.org/@esbuild%2fopenbsd-x64 90ms (cache miss)
502 silly packumentCache full:https://registry.npmjs.org/@esbuild%2fopenbsd-x64 set size:undefined disposed:false
503 silly fetch manifest @esbuild/linux-mips64el@0.21.5
504 silly packumentCache full:https://registry.npmjs.org/@esbuild%2flinux-mips64el cache-miss
505 http fetch GET 200 https://registry.npmjs.org/@esbuild%2flinux-s390x 107ms (cache miss)
506 silly packumentCache full:https://registry.npmjs.org/@esbuild%2flinux-s390x set size:undefined disposed:false
507 silly fetch manifest nanoid@^3.3.11
508 silly packumentCache full:https://registry.npmjs.org/nanoid cache-miss
509 http fetch GET 200 https://registry.npmjs.org/@esbuild%2ffreebsd-arm64 67ms (cache miss)
510 silly packumentCache full:https://registry.npmjs.org/@esbuild%2ffreebsd-arm64 set size:undefined disposed:false
511 silly fetch manifest source-map-js@^1.2.1
512 silly packumentCache full:https://registry.npmjs.org/source-map-js cache-miss
513 http fetch GET 200 https://registry.npmjs.org/@esbuild%2fandroid-arm64 86ms (cache miss)
514 silly packumentCache full:https://registry.npmjs.org/@esbuild%2fandroid-arm64 set size:undefined disposed:false
515 silly fetch manifest @types/estree@1.0.8
516 silly packumentCache full:https://registry.npmjs.org/@types%2festree cache-miss
517 http fetch GET 200 https://registry.npmjs.org/@esbuild%2flinux-loong64 79ms (cache miss)
518 silly packumentCache full:https://registry.npmjs.org/@esbuild%2flinux-loong64 set size:undefined disposed:false
519 silly fetch manifest @rollup/rollup-darwin-arm64@4.60.3
520 silly packumentCache full:https://registry.npmjs.org/@rollup%2frollup-darwin-arm64 cache-miss
521 http fetch GET 200 https://registry.npmjs.org/nanoid 64ms (cache miss)
522 silly packumentCache full:https://registry.npmjs.org/nanoid set size:undefined disposed:false
523 silly fetch manifest @rollup/rollup-android-arm64@4.60.3
524 silly packumentCache full:https://registry.npmjs.org/@rollup%2frollup-android-arm64 cache-miss
525 http fetch GET 200 https://registry.npmjs.org/source-map-js 551ms (cache miss)
526 silly packumentCache full:https://registry.npmjs.org/source-map-js set size:undefined disposed:false
527 silly fetch manifest @rollup/rollup-win32-arm64-msvc@4.60.3
528 silly packumentCache full:https://registry.npmjs.org/@rollup%2frollup-win32-arm64-msvc cache-miss
529 http fetch GET 200 https://registry.npmjs.org/@esbuild%2flinux-riscv64 583ms (cache miss)
530 silly packumentCache full:https://registry.npmjs.org/@esbuild%2flinux-riscv64 set size:undefined disposed:false
531 silly fetch manifest @rollup/rollup-freebsd-arm64@4.60.3
532 silly packumentCache full:https://registry.npmjs.org/@rollup%2frollup-freebsd-arm64 cache-miss
533 http fetch GET 200 https://registry.npmjs.org/@types%2festree 557ms (cache miss)
534 silly packumentCache full:https://registry.npmjs.org/@types%2festree set size:undefined disposed:false
535 silly fetch manifest @rollup/rollup-linux-arm64-gnu@4.60.3
536 silly packumentCache full:https://registry.npmjs.org/@rollup%2frollup-linux-arm64-gnu cache-miss
537 http fetch GET 200 https://registry.npmjs.org/@esbuild%2fwin32-arm64 667ms (cache miss)
538 silly packumentCache full:https://registry.npmjs.org/@esbuild%2fwin32-arm64 set size:undefined disposed:false
539 silly fetch manifest @rollup/rollup-linux-arm64-musl@4.60.3
540 silly packumentCache full:https://registry.npmjs.org/@rollup%2frollup-linux-arm64-musl cache-miss
541 http fetch GET 200 https://registry.npmjs.org/@esbuild%2flinux-mips64el 597ms (cache miss)
542 silly packumentCache full:https://registry.npmjs.org/@esbuild%2flinux-mips64el set size:undefined disposed:false
543 silly fetch manifest @rollup/rollup-android-arm-eabi@4.60.3
544 silly packumentCache full:https://registry.npmjs.org/@rollup%2frollup-android-arm-eabi cache-miss
545 http fetch GET 200 https://registry.npmjs.org/@rollup%2frollup-win32-arm64-msvc 54ms (cache miss)
546 silly packumentCache full:https://registry.npmjs.org/@rollup%2frollup-win32-arm64-msvc set size:undefined disposed:false
547 silly fetch manifest @rollup/rollup-linux-arm-gnueabihf@4.60.3
548 silly packumentCache full:https://registry.npmjs.org/@rollup%2frollup-linux-arm-gnueabihf cache-miss
549 http fetch GET 200 https://registry.npmjs.org/@rollup%2frollup-darwin-arm64 625ms (cache miss)
550 silly packumentCache full:https://registry.npmjs.org/@rollup%2frollup-darwin-arm64 set size:undefined disposed:false
551 silly fetch manifest @rollup/rollup-linux-arm-musleabihf@4.60.3
552 silly packumentCache full:https://registry.npmjs.org/@rollup%2frollup-linux-arm-musleabihf cache-miss
553 http fetch GET 200 https://registry.npmjs.org/@rollup%2frollup-android-arm64 601ms (cache miss)
554 silly packumentCache full:https://registry.npmjs.org/@rollup%2frollup-android-arm64 set size:undefined disposed:false
555 silly fetch manifest @rollup/rollup-win32-ia32-msvc@4.60.3
556 silly packumentCache full:https://registry.npmjs.org/@rollup%2frollup-win32-ia32-msvc cache-miss
557 http fetch GET 200 https://registry.npmjs.org/@rollup%2frollup-linux-arm-gnueabihf 57ms (cache miss)
558 silly packumentCache full:https://registry.npmjs.org/@rollup%2frollup-linux-arm-gnueabihf set size:undefined disposed:false
559 silly fetch manifest @rollup/rollup-linux-loong64-gnu@4.60.3
560 silly packumentCache full:https://registry.npmjs.org/@rollup%2frollup-linux-loong64-gnu cache-miss
561 http fetch GET 200 https://registry.npmjs.org/@rollup%2frollup-linux-arm64-gnu 393ms (cache miss)
562 silly packumentCache full:https://registry.npmjs.org/@rollup%2frollup-linux-arm64-gnu set size:undefined disposed:false
563 silly fetch manifest @rollup/rollup-linux-loong64-musl@4.60.3
564 silly packumentCache full:https://registry.npmjs.org/@rollup%2frollup-linux-loong64-musl cache-miss
565 http fetch GET 200 https://registry.npmjs.org/@rollup%2frollup-freebsd-arm64 405ms (cache miss)
566 silly packumentCache full:https://registry.npmjs.org/@rollup%2frollup-freebsd-arm64 set size:undefined disposed:false
567 silly fetch manifest @rollup/rollup-linux-riscv64-gnu@4.60.3
568 silly packumentCache full:https://registry.npmjs.org/@rollup%2frollup-linux-riscv64-gnu cache-miss
569 http fetch GET 200 https://registry.npmjs.org/@rollup%2frollup-android-arm-eabi 391ms (cache miss)
570 silly packumentCache full:https://registry.npmjs.org/@rollup%2frollup-android-arm-eabi set size:undefined disposed:false
571 silly fetch manifest @rollup/rollup-linux-riscv64-musl@4.60.3
572 silly packumentCache full:https://registry.npmjs.org/@rollup%2frollup-linux-riscv64-musl cache-miss
573 http fetch GET 200 https://registry.npmjs.org/@rollup%2frollup-linux-arm-musleabihf 378ms (cache miss)
574 silly packumentCache full:https://registry.npmjs.org/@rollup%2frollup-linux-arm-musleabihf set size:undefined disposed:false
575 silly fetch manifest @rollup/rollup-linux-ppc64-gnu@4.60.3
576 silly packumentCache full:https://registry.npmjs.org/@rollup%2frollup-linux-ppc64-gnu cache-miss
577 http fetch GET 200 https://registry.npmjs.org/@rollup%2frollup-linux-loong64-gnu 363ms (cache miss)
578 silly packumentCache full:https://registry.npmjs.org/@rollup%2frollup-linux-loong64-gnu set size:undefined disposed:false
579 silly fetch manifest @rollup/rollup-linux-ppc64-musl@4.60.3
580 silly packumentCache full:https://registry.npmjs.org/@rollup%2frollup-linux-ppc64-musl cache-miss
581 http fetch GET 200 https://registry.npmjs.org/@rollup%2frollup-win32-ia32-msvc 397ms (cache miss)
582 silly packumentCache full:https://registry.npmjs.org/@rollup%2frollup-win32-ia32-msvc set size:undefined disposed:false
583 silly fetch manifest @rollup/rollup-linux-s390x-gnu@4.60.3
584 silly packumentCache full:https://registry.npmjs.org/@rollup%2frollup-linux-s390x-gnu cache-miss
585 http fetch GET 200 https://registry.npmjs.org/@rollup%2frollup-linux-arm64-musl 627ms (cache miss)
586 silly packumentCache full:https://registry.npmjs.org/@rollup%2frollup-linux-arm64-musl set size:undefined disposed:false
587 silly fetch manifest @rollup/rollup-darwin-x64@4.60.3
588 silly packumentCache full:https://registry.npmjs.org/@rollup%2frollup-darwin-x64 cache-miss
589 http fetch GET 200 https://registry.npmjs.org/@rollup%2frollup-linux-loong64-musl 518ms (cache miss)
590 silly packumentCache full:https://registry.npmjs.org/@rollup%2frollup-linux-loong64-musl set size:undefined disposed:false
591 silly fetch manifest @rollup/rollup-win32-x64-gnu@4.60.3
592 silly packumentCache full:https://registry.npmjs.org/@rollup%2frollup-win32-x64-gnu cache-miss
593 http fetch GET 200 https://registry.npmjs.org/@rollup%2frollup-linux-ppc64-musl 445ms (cache miss)
594 silly packumentCache full:https://registry.npmjs.org/@rollup%2frollup-linux-ppc64-musl set size:undefined disposed:false
595 silly fetch manifest @rollup/rollup-win32-x64-msvc@4.60.3
596 silly packumentCache full:https://registry.npmjs.org/@rollup%2frollup-win32-x64-msvc cache-miss
597 http fetch GET 200 https://registry.npmjs.org/@rollup%2frollup-linux-riscv64-musl 533ms (cache miss)
598 silly packumentCache full:https://registry.npmjs.org/@rollup%2frollup-linux-riscv64-musl set size:undefined disposed:false
599 silly fetch manifest @rollup/rollup-freebsd-x64@4.60.3
600 silly packumentCache full:https://registry.npmjs.org/@rollup%2frollup-freebsd-x64 cache-miss
601 http fetch GET 200 https://registry.npmjs.org/@rollup%2frollup-linux-ppc64-gnu 478ms (cache miss)
602 silly packumentCache full:https://registry.npmjs.org/@rollup%2frollup-linux-ppc64-gnu set size:undefined disposed:false
603 silly fetch manifest @rollup/rollup-linux-x64-gnu@4.60.3
604 silly packumentCache full:https://registry.npmjs.org/@rollup%2frollup-linux-x64-gnu cache-miss
605 http fetch GET 200 https://registry.npmjs.org/@rollup%2frollup-linux-riscv64-gnu 549ms (cache miss)
606 silly packumentCache full:https://registry.npmjs.org/@rollup%2frollup-linux-riscv64-gnu set size:undefined disposed:false
607 silly fetch manifest @rollup/rollup-linux-x64-musl@4.60.3
608 silly packumentCache full:https://registry.npmjs.org/@rollup%2frollup-linux-x64-musl cache-miss
609 http fetch GET 200 https://registry.npmjs.org/@rollup%2frollup-darwin-x64 309ms (cache miss)
610 silly packumentCache full:https://registry.npmjs.org/@rollup%2frollup-darwin-x64 set size:undefined disposed:false
611 silly fetch manifest @rollup/rollup-openbsd-x64@4.60.3
612 silly packumentCache full:https://registry.npmjs.org/@rollup%2frollup-openbsd-x64 cache-miss
613 http fetch GET 200 https://registry.npmjs.org/@rollup%2frollup-linux-s390x-gnu 464ms (cache miss)
614 silly packumentCache full:https://registry.npmjs.org/@rollup%2frollup-linux-s390x-gnu set size:undefined disposed:false
615 silly fetch manifest @rollup/rollup-openharmony-arm64@4.60.3
616 silly packumentCache full:https://registry.npmjs.org/@rollup%2frollup-openharmony-arm64 cache-miss
617 http fetch GET 200 https://registry.npmjs.org/@rollup%2frollup-win32-x64-gnu 367ms (cache miss)
618 silly packumentCache full:https://registry.npmjs.org/@rollup%2frollup-win32-x64-gnu set size:undefined disposed:false
619 http fetch GET 200 https://registry.npmjs.org/@rollup%2frollup-openbsd-x64 371ms (cache miss)
620 silly packumentCache full:https://registry.npmjs.org/@rollup%2frollup-openbsd-x64 set size:undefined disposed:false
621 http fetch GET 200 https://registry.npmjs.org/@rollup%2frollup-win32-x64-msvc 399ms (cache miss)
622 silly packumentCache full:https://registry.npmjs.org/@rollup%2frollup-win32-x64-msvc set size:undefined disposed:false
623 http fetch GET 200 https://registry.npmjs.org/@rollup%2frollup-freebsd-x64 404ms (cache miss)
624 silly packumentCache full:https://registry.npmjs.org/@rollup%2frollup-freebsd-x64 set size:undefined disposed:false
625 http fetch GET 200 https://registry.npmjs.org/@rollup%2frollup-openharmony-arm64 393ms (cache miss)
626 silly packumentCache full:https://registry.npmjs.org/@rollup%2frollup-openharmony-arm64 set size:undefined disposed:false
627 http fetch GET 200 https://registry.npmjs.org/@rollup%2frollup-linux-x64-gnu 606ms (cache miss)
628 silly packumentCache full:https://registry.npmjs.org/@rollup%2frollup-linux-x64-gnu set size:undefined disposed:false
629 http fetch GET 200 https://registry.npmjs.org/@rollup%2frollup-linux-x64-musl 630ms (cache miss)
630 silly packumentCache full:https://registry.npmjs.org/@rollup%2frollup-linux-x64-musl set size:undefined disposed:false
631 silly placeDep ROOT @esbuild/aix-ppc64@0.21.5 OK for: esbuild@0.21.5 want: 0.21.5
632 silly placeDep ROOT @esbuild/android-arm@0.21.5 OK for: esbuild@0.21.5 want: 0.21.5
633 silly placeDep ROOT @esbuild/android-arm64@0.21.5 OK for: esbuild@0.21.5 want: 0.21.5
634 silly placeDep ROOT @esbuild/android-x64@0.21.5 OK for: esbuild@0.21.5 want: 0.21.5
635 silly placeDep ROOT @esbuild/darwin-arm64@0.21.5 OK for: esbuild@0.21.5 want: 0.21.5
636 silly placeDep ROOT @esbuild/darwin-x64@0.21.5 OK for: esbuild@0.21.5 want: 0.21.5
637 silly placeDep ROOT @esbuild/freebsd-arm64@0.21.5 OK for: esbuild@0.21.5 want: 0.21.5
638 silly placeDep ROOT @esbuild/freebsd-x64@0.21.5 OK for: esbuild@0.21.5 want: 0.21.5
639 silly placeDep ROOT @esbuild/linux-arm@0.21.5 OK for: esbuild@0.21.5 want: 0.21.5
640 silly placeDep ROOT @esbuild/linux-arm64@0.21.5 OK for: esbuild@0.21.5 want: 0.21.5
641 silly placeDep ROOT @esbuild/linux-ia32@0.21.5 OK for: esbuild@0.21.5 want: 0.21.5
642 silly placeDep ROOT @esbuild/linux-loong64@0.21.5 OK for: esbuild@0.21.5 want: 0.21.5
643 silly placeDep ROOT @esbuild/linux-mips64el@0.21.5 OK for: esbuild@0.21.5 want: 0.21.5
644 silly placeDep ROOT @esbuild/linux-ppc64@0.21.5 OK for: esbuild@0.21.5 want: 0.21.5
645 silly placeDep ROOT @esbuild/linux-riscv64@0.21.5 OK for: esbuild@0.21.5 want: 0.21.5
646 silly placeDep ROOT @esbuild/linux-s390x@0.21.5 OK for: esbuild@0.21.5 want: 0.21.5
647 silly placeDep ROOT @esbuild/linux-x64@0.21.5 OK for: esbuild@0.21.5 want: 0.21.5
648 silly placeDep ROOT @esbuild/netbsd-x64@0.21.5 OK for: esbuild@0.21.5 want: 0.21.5
649 silly placeDep ROOT @esbuild/openbsd-x64@0.21.5 OK for: esbuild@0.21.5 want: 0.21.5
650 silly placeDep ROOT @esbuild/sunos-x64@0.21.5 OK for: esbuild@0.21.5 want: 0.21.5
651 silly placeDep ROOT @esbuild/win32-arm64@0.21.5 OK for: esbuild@0.21.5 want: 0.21.5
652 silly placeDep ROOT @esbuild/win32-ia32@0.21.5 OK for: esbuild@0.21.5 want: 0.21.5
653 silly placeDep ROOT @esbuild/win32-x64@0.21.5 OK for: esbuild@0.21.5 want: 0.21.5
654 silly placeDep ROOT nanoid@3.3.12 OK for: postcss@8.5.14 want: ^3.3.11
655 silly placeDep ROOT source-map-js@1.2.1 OK for: postcss@8.5.14 want: ^1.2.1
656 silly placeDep ROOT @rollup/rollup-android-arm-eabi@4.60.3 OK for: rollup@4.60.3 want: 4.60.3
657 silly placeDep ROOT @rollup/rollup-android-arm64@4.60.3 OK for: rollup@4.60.3 want: 4.60.3
658 silly placeDep ROOT @rollup/rollup-darwin-arm64@4.60.3 OK for: rollup@4.60.3 want: 4.60.3
659 silly placeDep ROOT @rollup/rollup-darwin-x64@4.60.3 OK for: rollup@4.60.3 want: 4.60.3
660 silly placeDep ROOT @rollup/rollup-freebsd-arm64@4.60.3 OK for: rollup@4.60.3 want: 4.60.3
661 silly placeDep ROOT @rollup/rollup-freebsd-x64@4.60.3 OK for: rollup@4.60.3 want: 4.60.3
662 silly placeDep ROOT @rollup/rollup-linux-arm-gnueabihf@4.60.3 OK for: rollup@4.60.3 want: 4.60.3
663 silly placeDep ROOT @rollup/rollup-linux-arm-musleabihf@4.60.3 OK for: rollup@4.60.3 want: 4.60.3
664 silly placeDep ROOT @rollup/rollup-linux-arm64-gnu@4.60.3 OK for: rollup@4.60.3 want: 4.60.3
665 silly placeDep ROOT @rollup/rollup-linux-arm64-musl@4.60.3 OK for: rollup@4.60.3 want: 4.60.3
666 silly placeDep ROOT @rollup/rollup-linux-loong64-gnu@4.60.3 OK for: rollup@4.60.3 want: 4.60.3
667 silly placeDep ROOT @rollup/rollup-linux-loong64-musl@4.60.3 OK for: rollup@4.60.3 want: 4.60.3
668 silly placeDep ROOT @rollup/rollup-linux-ppc64-gnu@4.60.3 OK for: rollup@4.60.3 want: 4.60.3
669 silly placeDep ROOT @rollup/rollup-linux-ppc64-musl@4.60.3 OK for: rollup@4.60.3 want: 4.60.3
670 silly placeDep ROOT @rollup/rollup-linux-riscv64-gnu@4.60.3 OK for: rollup@4.60.3 want: 4.60.3
671 silly placeDep ROOT @rollup/rollup-linux-riscv64-musl@4.60.3 OK for: rollup@4.60.3 want: 4.60.3
672 silly placeDep ROOT @rollup/rollup-linux-s390x-gnu@4.60.3 OK for: rollup@4.60.3 want: 4.60.3
673 silly placeDep ROOT @rollup/rollup-linux-x64-gnu@4.60.3 OK for: rollup@4.60.3 want: 4.60.3
674 silly placeDep ROOT @rollup/rollup-linux-x64-musl@4.60.3 OK for: rollup@4.60.3 want: 4.60.3
675 silly placeDep ROOT @rollup/rollup-openbsd-x64@4.60.3 OK for: rollup@4.60.3 want: 4.60.3
676 silly placeDep ROOT @rollup/rollup-openharmony-arm64@4.60.3 OK for: rollup@4.60.3 want: 4.60.3
677 silly placeDep ROOT @rollup/rollup-win32-arm64-msvc@4.60.3 OK for: rollup@4.60.3 want: 4.60.3
678 silly placeDep ROOT @rollup/rollup-win32-ia32-msvc@4.60.3 OK for: rollup@4.60.3 want: 4.60.3
679 silly placeDep ROOT @rollup/rollup-win32-x64-gnu@4.60.3 OK for: rollup@4.60.3 want: 4.60.3
680 silly placeDep ROOT @rollup/rollup-win32-x64-msvc@4.60.3 OK for: rollup@4.60.3 want: 4.60.3
681 silly placeDep ROOT @types/estree@1.0.8 OK for: rollup@4.60.3 want: 1.0.8
682 silly reify moves {}
683 silly audit bulk request {
683 silly audit   '@types/react': [ '18.3.28' ],
683 silly audit   '@types/react-dom': [ '18.3.7' ],
683 silly audit   '@vitejs/plugin-react': [ '4.7.0' ],
683 silly audit   vite: [ '5.4.21' ],
683 silly audit   react: [ '18.3.1' ],
683 silly audit   'react-dom': [ '18.3.1' ],
683 silly audit   'react-router-dom': [ '6.30.3' ],
683 silly audit   typescript: [ '5.9.3' ],
683 silly audit   '@types/prop-types': [ '15.7.15' ],
683 silly audit   csstype: [ '3.2.3' ],
683 silly audit   '@babel/core': [ '7.29.0' ],
683 silly audit   '@babel/plugin-transform-react-jsx-self': [ '7.27.1' ],
683 silly audit   '@babel/plugin-transform-react-jsx-source': [ '7.27.1' ],
683 silly audit   '@rolldown/pluginutils': [ '1.0.0-beta.27' ],
683 silly audit   '@types/babel__core': [ '7.20.5' ],
683 silly audit   'react-refresh': [ '0.17.0' ],
683 silly audit   '@babel/code-frame': [ '7.29.0' ],
683 silly audit   '@babel/generator': [ '7.29.1' ],
683 silly audit   '@babel/helper-compilation-targets': [ '7.28.6' ],
683 silly audit   '@babel/helper-module-transforms': [ '7.28.6' ],
683 silly audit   '@babel/helpers': [ '7.29.2' ],
683 silly audit   '@babel/parser': [ '7.29.3' ],
683 silly audit   '@babel/template': [ '7.28.6' ],
683 silly audit   '@babel/traverse': [ '7.29.0' ],
683 silly audit   '@babel/types': [ '7.29.0' ],
683 silly audit   '@jridgewell/remapping': [ '2.3.5' ],
683 silly audit   'convert-source-map': [ '2.0.0' ],
683 silly audit   debug: [ '4.4.3' ],
683 silly audit   gensync: [ '1.0.0-beta.2' ],
683 silly audit   json5: [ '2.2.3' ],
683 silly audit   semver: [ '6.3.1' ],
683 silly audit   '@babel/helper-validator-identifier': [ '7.28.5' ],
683 silly audit   'js-tokens': [ '4.0.0' ],
683 silly audit   picocolors: [ '1.1.1' ],
683 silly audit   '@jridgewell/gen-mapping': [ '0.3.13' ],
683 silly audit   '@jridgewell/trace-mapping': [ '0.3.31' ],
683 silly audit   jsesc: [ '3.1.0' ],
683 silly audit   '@babel/compat-data': [ '7.29.3' ],
683 silly audit   '@babel/helper-validator-option': [ '7.27.1' ],
683 silly audit   browserslist: [ '4.28.2' ],
683 silly audit   'lru-cache': [ '5.1.1' ],
683 silly audit   '@babel/helper-module-imports': [ '7.28.6' ],
683 silly audit   '@babel/helper-plugin-utils': [ '7.28.6' ],
683 silly audit   '@babel/helper-globals': [ '7.28.0' ],
683 silly audit   '@babel/helper-string-parser': [ '7.27.1' ],
683 silly audit   '@jridgewell/sourcemap-codec': [ '1.5.5' ],
683 silly audit   '@jridgewell/resolve-uri': [ '3.1.2' ],
683 silly audit   '@types/babel__generator': [ '7.27.0' ],
683 silly audit   '@types/babel__template': [ '7.4.4' ],
683 silly audit   '@types/babel__traverse': [ '7.28.0' ],
683 silly audit   'baseline-browser-mapping': [ '2.10.29' ],
683 silly audit   'caniuse-lite': [ '1.0.30001792' ],
683 silly audit   'electron-to-chromium': [ '1.5.355' ],
683 silly audit   'node-releases': [ '2.0.44' ],
683 silly audit   'update-browserslist-db': [ '1.2.3' ],
683 silly audit   ms: [ '2.1.3' ],
683 silly audit   yallist: [ '3.1.1' ],
683 silly audit   'loose-envify': [ '1.4.0' ],
683 silly audit   scheduler: [ '0.23.2' ],
683 silly audit   '@remix-run/router': [ '1.23.2' ],
683 silly audit   'react-router': [ '6.30.3' ],
683 silly audit   escalade: [ '3.2.0' ],
683 silly audit   esbuild: [ '0.21.5' ],
683 silly audit   fsevents: [ '2.3.3' ],
683 silly audit   postcss: [ '8.5.14' ],
683 silly audit   rollup: [ '4.60.3' ],
683 silly audit   '@esbuild/aix-ppc64': [ '0.21.5' ],
683 silly audit   '@esbuild/android-arm': [ '0.21.5' ],
683 silly audit   '@esbuild/android-arm64': [ '0.21.5' ],
683 silly audit   '@esbuild/android-x64': [ '0.21.5' ],
683 silly audit   '@esbuild/darwin-arm64': [ '0.21.5' ],
683 silly audit   '@esbuild/darwin-x64': [ '0.21.5' ],
683 silly audit   '@esbuild/freebsd-arm64': [ '0.21.5' ],
683 silly audit   '@esbuild/freebsd-x64': [ '0.21.5' ],
683 silly audit   '@esbuild/linux-arm': [ '0.21.5' ],
683 silly audit   '@esbuild/linux-arm64': [ '0.21.5' ],
683 silly audit   '@esbuild/linux-ia32': [ '0.21.5' ],
683 silly audit   '@esbuild/linux-loong64': [ '0.21.5' ],
683 silly audit   '@esbuild/linux-mips64el': [ '0.21.5' ],
683 silly audit   '@esbuild/linux-ppc64': [ '0.21.5' ],
683 silly audit   '@esbuild/linux-riscv64': [ '0.21.5' ],
683 silly audit   '@esbuild/linux-s390x': [ '0.21.5' ],
683 silly audit   '@esbuild/linux-x64': [ '0.21.5' ],
683 silly audit   '@esbuild/netbsd-x64': [ '0.21.5' ],
683 silly audit   '@esbuild/openbsd-x64': [ '0.21.5' ],
683 silly audit   '@esbuild/sunos-x64': [ '0.21.5' ],
683 silly audit   '@esbuild/win32-arm64': [ '0.21.5' ],
683 silly audit   '@esbuild/win32-ia32': [ '0.21.5' ],
683 silly audit   '@esbuild/win32-x64': [ '0.21.5' ],
683 silly audit   nanoid: [ '3.3.12' ],
683 silly audit   'source-map-js': [ '1.2.1' ],
683 silly audit   '@rollup/rollup-android-arm-eabi': [ '4.60.3' ],
683 silly audit   '@rollup/rollup-android-arm64': [ '4.60.3' ],
683 silly audit   '@rollup/rollup-darwin-arm64': [ '4.60.3' ],
683 silly audit   '@rollup/rollup-darwin-x64': [ '4.60.3' ],
683 silly audit   '@rollup/rollup-freebsd-arm64': [ '4.60.3' ],
683 silly audit   '@rollup/rollup-freebsd-x64': [ '4.60.3' ],
683 silly audit   '@rollup/rollup-linux-arm-gnueabihf': [ '4.60.3' ],
683 silly audit   '@rollup/rollup-linux-arm-musleabihf': [ '4.60.3' ],
683 silly audit   '@rollup/rollup-linux-arm64-gnu': [ '4.60.3' ],
683 silly audit   '@rollup/rollup-linux-arm64-musl': [ '4.60.3' ],
683 silly audit   '@rollup/rollup-linux-loong64-gnu': [ '4.60.3' ],
683 silly audit   '@rollup/rollup-linux-loong64-musl': [ '4.60.3' ],
683 silly audit   '@rollup/rollup-linux-ppc64-gnu': [ '4.60.3' ],
683 silly audit   '@rollup/rollup-linux-ppc64-musl': [ '4.60.3' ],
683 silly audit   '@rollup/rollup-linux-riscv64-gnu': [ '4.60.3' ],
683 silly audit   '@rollup/rollup-linux-riscv64-musl': [ '4.60.3' ],
683 silly audit   '@rollup/rollup-linux-s390x-gnu': [ '4.60.3' ],
683 silly audit   '@rollup/rollup-linux-x64-gnu': [ '4.60.3' ],
683 silly audit   '@rollup/rollup-linux-x64-musl': [ '4.60.3' ],
683 silly audit   '@rollup/rollup-openbsd-x64': [ '4.60.3' ],
683 silly audit   '@rollup/rollup-openharmony-arm64': [ '4.60.3' ],
683 silly audit   '@rollup/rollup-win32-arm64-msvc': [ '4.60.3' ],
683 silly audit   '@rollup/rollup-win32-ia32-msvc': [ '4.60.3' ],
683 silly audit   '@rollup/rollup-win32-x64-gnu': [ '4.60.3' ],
683 silly audit   '@rollup/rollup-win32-x64-msvc': [ '4.60.3' ],
683 silly audit   '@types/estree': [ '1.0.8' ]
683 silly audit }
684 http cache @types/estree@https://registry.npmjs.org/@types/estree/-/estree-1.0.8.tgz 1ms (cache hit)
685 http cache @rollup/rollup-win32-x64-gnu@https://registry.npmjs.org/@rollup/rollup-win32-x64-gnu/-/rollup-win32-x64-gnu-4.60.3.tgz 0ms (cache hit)
686 http cache source-map-js@https://registry.npmjs.org/source-map-js/-/source-map-js-1.2.1.tgz 0ms (cache hit)
687 http cache nanoid@https://registry.npmjs.org/nanoid/-/nanoid-3.3.12.tgz 0ms (cache hit)
688 http cache @esbuild/win32-x64@https://registry.npmjs.org/@esbuild/win32-x64/-/win32-x64-0.21.5.tgz 0ms (cache hit)
689 http cache @rollup/rollup-win32-x64-msvc@https://registry.npmjs.org/@rollup/rollup-win32-x64-msvc/-/rollup-win32-x64-msvc-4.60.3.tgz 0ms (cache hit)
690 http cache rollup@https://registry.npmjs.org/rollup/-/rollup-4.60.3.tgz 0ms (cache hit)
691 http cache esbuild@https://registry.npmjs.org/esbuild/-/esbuild-0.21.5.tgz 0ms (cache hit)
692 http cache postcss@https://registry.npmjs.org/postcss/-/postcss-8.5.14.tgz 0ms (cache hit)
693 http cache react-router@https://registry.npmjs.org/react-router/-/react-router-6.30.3.tgz 1ms (cache hit)
694 http cache escalade@https://registry.npmjs.org/escalade/-/escalade-3.2.0.tgz 0ms (cache hit)
695 http cache @remix-run/router@https://registry.npmjs.org/@remix-run/router/-/router-1.23.2.tgz 0ms (cache hit)
696 http cache scheduler@https://registry.npmjs.org/scheduler/-/scheduler-0.23.2.tgz 0ms (cache hit)
697 http cache loose-envify@https://registry.npmjs.org/loose-envify/-/loose-envify-1.4.0.tgz 0ms (cache hit)
698 http cache yallist@https://registry.npmjs.org/yallist/-/yallist-3.1.1.tgz 0ms (cache hit)
699 http cache ms@https://registry.npmjs.org/ms/-/ms-2.1.3.tgz 0ms (cache hit)
700 http cache update-browserslist-db@https://registry.npmjs.org/update-browserslist-db/-/update-browserslist-db-1.2.3.tgz 0ms (cache hit)
701 http cache node-releases@https://registry.npmjs.org/node-releases/-/node-releases-2.0.44.tgz 0ms (cache hit)
702 http cache caniuse-lite@https://registry.npmjs.org/caniuse-lite/-/caniuse-lite-1.0.30001792.tgz 0ms (cache hit)
703 http cache baseline-browser-mapping@https://registry.npmjs.org/baseline-browser-mapping/-/baseline-browser-mapping-2.10.29.tgz 0ms (cache hit)
704 http cache @types/babel__traverse@https://registry.npmjs.org/@types/babel__traverse/-/babel__traverse-7.28.0.tgz 0ms (cache hit)
705 http cache electron-to-chromium@https://registry.npmjs.org/electron-to-chromium/-/electron-to-chromium-1.5.355.tgz 0ms (cache hit)
706 http cache @types/babel__template@https://registry.npmjs.org/@types/babel__template/-/babel__template-7.4.4.tgz 0ms (cache hit)
707 http cache @jridgewell/resolve-uri@https://registry.npmjs.org/@jridgewell/resolve-uri/-/resolve-uri-3.1.2.tgz 0ms (cache hit)
708 http cache @types/babel__generator@https://registry.npmjs.org/@types/babel__generator/-/babel__generator-7.27.0.tgz 0ms (cache hit)
709 http cache @jridgewell/sourcemap-codec@https://registry.npmjs.org/@jridgewell/sourcemap-codec/-/sourcemap-codec-1.5.5.tgz 0ms (cache hit)
710 http cache @babel/helper-string-parser@https://registry.npmjs.org/@babel/helper-string-parser/-/helper-string-parser-7.27.1.tgz 0ms (cache hit)
711 http cache @babel/helper-globals@https://registry.npmjs.org/@babel/helper-globals/-/helper-globals-7.28.0.tgz 0ms (cache hit)
712 http cache @babel/helper-plugin-utils@https://registry.npmjs.org/@babel/helper-plugin-utils/-/helper-plugin-utils-7.28.6.tgz 0ms (cache hit)
713 http cache lru-cache@https://registry.npmjs.org/lru-cache/-/lru-cache-5.1.1.tgz 0ms (cache hit)
714 http cache browserslist@https://registry.npmjs.org/browserslist/-/browserslist-4.28.2.tgz 0ms (cache hit)
715 http cache @babel/helper-validator-option@https://registry.npmjs.org/@babel/helper-validator-option/-/helper-validator-option-7.27.1.tgz 0ms (cache hit)
716 http cache @babel/helper-module-imports@https://registry.npmjs.org/@babel/helper-module-imports/-/helper-module-imports-7.28.6.tgz 0ms (cache hit)
717 http cache @babel/compat-data@https://registry.npmjs.org/@babel/compat-data/-/compat-data-7.29.3.tgz 0ms (cache hit)
718 http cache jsesc@https://registry.npmjs.org/jsesc/-/jsesc-3.1.0.tgz 0ms (cache hit)
719 http cache @jridgewell/trace-mapping@https://registry.npmjs.org/@jridgewell/trace-mapping/-/trace-mapping-0.3.31.tgz 0ms (cache hit)
720 http cache picocolors@https://registry.npmjs.org/picocolors/-/picocolors-1.1.1.tgz 0ms (cache hit)
721 http cache @jridgewell/gen-mapping@https://registry.npmjs.org/@jridgewell/gen-mapping/-/gen-mapping-0.3.13.tgz 0ms (cache hit)
722 http cache js-tokens@https://registry.npmjs.org/js-tokens/-/js-tokens-4.0.0.tgz 0ms (cache hit)
723 http cache @babel/helper-validator-identifier@https://registry.npmjs.org/@babel/helper-validator-identifier/-/helper-validator-identifier-7.28.5.tgz 0ms (cache hit)
724 http cache semver@https://registry.npmjs.org/semver/-/semver-6.3.1.tgz 0ms (cache hit)
725 http cache gensync@https://registry.npmjs.org/gensync/-/gensync-1.0.0-beta.2.tgz 0ms (cache hit)
726 http cache debug@https://registry.npmjs.org/debug/-/debug-4.4.3.tgz 0ms (cache hit)
727 http cache json5@https://registry.npmjs.org/json5/-/json5-2.2.3.tgz 0ms (cache hit)
728 http cache convert-source-map@https://registry.npmjs.org/convert-source-map/-/convert-source-map-2.0.0.tgz 0ms (cache hit)
729 http cache @babel/types@https://registry.npmjs.org/@babel/types/-/types-7.29.0.tgz 0ms (cache hit)
730 http cache @jridgewell/remapping@https://registry.npmjs.org/@jridgewell/remapping/-/remapping-2.3.5.tgz 0ms (cache hit)
731 http cache @babel/template@https://registry.npmjs.org/@babel/template/-/template-7.28.6.tgz 0ms (cache hit)
732 http cache @babel/traverse@https://registry.npmjs.org/@babel/traverse/-/traverse-7.29.0.tgz 0ms (cache hit)
733 http cache @babel/parser@https://registry.npmjs.org/@babel/parser/-/parser-7.29.3.tgz 0ms (cache hit)
734 http cache @babel/helpers@https://registry.npmjs.org/@babel/helpers/-/helpers-7.29.2.tgz 0ms (cache hit)
735 http cache @babel/helper-module-transforms@https://registry.npmjs.org/@babel/helper-module-transforms/-/helper-module-transforms-7.28.6.tgz 0ms (cache hit)
736 http cache @babel/generator@https://registry.npmjs.org/@babel/generator/-/generator-7.29.1.tgz 0ms (cache hit)
737 http cache @babel/code-frame@https://registry.npmjs.org/@babel/code-frame/-/code-frame-7.29.0.tgz 0ms (cache hit)
738 http cache @babel/helper-compilation-targets@https://registry.npmjs.org/@babel/helper-compilation-targets/-/helper-compilation-targets-7.28.6.tgz 0ms (cache hit)
739 http cache react-refresh@https://registry.npmjs.org/react-refresh/-/react-refresh-0.17.0.tgz 0ms (cache hit)
740 http cache @types/babel__core@https://registry.npmjs.org/@types/babel__core/-/babel__core-7.20.5.tgz 0ms (cache hit)
741 http cache @rolldown/pluginutils@https://registry.npmjs.org/@rolldown/pluginutils/-/pluginutils-1.0.0-beta.27.tgz 0ms (cache hit)
742 http cache @babel/plugin-transform-react-jsx-self@https://registry.npmjs.org/@babel/plugin-transform-react-jsx-self/-/plugin-transform-react-jsx-self-7.27.1.tgz 0ms (cache hit)
743 http cache @babel/core@https://registry.npmjs.org/@babel/core/-/core-7.29.0.tgz 0ms (cache hit)
744 http cache @babel/plugin-transform-react-jsx-source@https://registry.npmjs.org/@babel/plugin-transform-react-jsx-source/-/plugin-transform-react-jsx-source-7.27.1.tgz 0ms (cache hit)
745 http cache csstype@https://registry.npmjs.org/csstype/-/csstype-3.2.3.tgz 0ms (cache hit)
746 http cache @types/prop-types@https://registry.npmjs.org/@types/prop-types/-/prop-types-15.7.15.tgz 0ms (cache hit)
747 http cache typescript@https://registry.npmjs.org/typescript/-/typescript-5.9.3.tgz 0ms (cache hit)
748 http cache react-dom@https://registry.npmjs.org/react-dom/-/react-dom-18.3.1.tgz 0ms (cache hit)
749 http cache react-router-dom@https://registry.npmjs.org/react-router-dom/-/react-router-dom-6.30.3.tgz 0ms (cache hit)
750 http cache react@https://registry.npmjs.org/react/-/react-18.3.1.tgz 0ms (cache hit)
751 http cache vite@https://registry.npmjs.org/vite/-/vite-5.4.21.tgz 0ms (cache hit)
752 http cache @vitejs/plugin-react@https://registry.npmjs.org/@vitejs/plugin-react/-/plugin-react-4.7.0.tgz 0ms (cache hit)
753 http cache @types/react@https://registry.npmjs.org/@types/react/-/react-18.3.28.tgz 0ms (cache hit)
754 http cache @types/react-dom@https://registry.npmjs.org/@types/react-dom/-/react-dom-18.3.7.tgz 0ms (cache hit)
755 silly tarball no local data for @types/estree@https://registry.npmjs.org/@types/estree/-/estree-1.0.8.tgz. Extracting by manifest.
756 silly tarball no local data for @rollup/rollup-win32-x64-gnu@https://registry.npmjs.org/@rollup/rollup-win32-x64-gnu/-/rollup-win32-x64-gnu-4.60.3.tgz. Extracting by manifest.
757 silly tarball no local data for source-map-js@https://registry.npmjs.org/source-map-js/-/source-map-js-1.2.1.tgz. Extracting by manifest.
758 silly tarball no local data for nanoid@https://registry.npmjs.org/nanoid/-/nanoid-3.3.12.tgz. Extracting by manifest.
759 silly tarball no local data for @esbuild/win32-x64@https://registry.npmjs.org/@esbuild/win32-x64/-/win32-x64-0.21.5.tgz. Extracting by manifest.
760 silly tarball no local data for @rollup/rollup-win32-x64-msvc@https://registry.npmjs.org/@rollup/rollup-win32-x64-msvc/-/rollup-win32-x64-msvc-4.60.3.tgz. Extracting by manifest.
761 silly tarball no local data for rollup@https://registry.npmjs.org/rollup/-/rollup-4.60.3.tgz. Extracting by manifest.
762 silly tarball no local data for esbuild@https://registry.npmjs.org/esbuild/-/esbuild-0.21.5.tgz. Extracting by manifest.
763 silly tarball no local data for postcss@https://registry.npmjs.org/postcss/-/postcss-8.5.14.tgz. Extracting by manifest.
764 silly tarball no local data for react-router@https://registry.npmjs.org/react-router/-/react-router-6.30.3.tgz. Extracting by manifest.
765 silly tarball no local data for escalade@https://registry.npmjs.org/escalade/-/escalade-3.2.0.tgz. Extracting by manifest.
766 silly tarball no local data for @remix-run/router@https://registry.npmjs.org/@remix-run/router/-/router-1.23.2.tgz. Extracting by manifest.
767 silly tarball no local data for scheduler@https://registry.npmjs.org/scheduler/-/scheduler-0.23.2.tgz. Extracting by manifest.
768 silly tarball no local data for loose-envify@https://registry.npmjs.org/loose-envify/-/loose-envify-1.4.0.tgz. Extracting by manifest.
769 silly tarball no local data for yallist@https://registry.npmjs.org/yallist/-/yallist-3.1.1.tgz. Extracting by manifest.
770 silly tarball no local data for ms@https://registry.npmjs.org/ms/-/ms-2.1.3.tgz. Extracting by manifest.
771 silly tarball no local data for update-browserslist-db@https://registry.npmjs.org/update-browserslist-db/-/update-browserslist-db-1.2.3.tgz. Extracting by manifest.
772 silly tarball no local data for node-releases@https://registry.npmjs.org/node-releases/-/node-releases-2.0.44.tgz. Extracting by manifest.
773 silly tarball no local data for caniuse-lite@https://registry.npmjs.org/caniuse-lite/-/caniuse-lite-1.0.30001792.tgz. Extracting by manifest.
774 silly tarball no local data for baseline-browser-mapping@https://registry.npmjs.org/baseline-browser-mapping/-/baseline-browser-mapping-2.10.29.tgz. Extracting by manifest.
775 silly tarball no local data for @types/babel__traverse@https://registry.npmjs.org/@types/babel__traverse/-/babel__traverse-7.28.0.tgz. Extracting by manifest.
776 silly tarball no local data for electron-to-chromium@https://registry.npmjs.org/electron-to-chromium/-/electron-to-chromium-1.5.355.tgz. Extracting by manifest.
777 silly tarball no local data for @types/babel__template@https://registry.npmjs.org/@types/babel__template/-/babel__template-7.4.4.tgz. Extracting by manifest.
778 silly tarball no local data for @jridgewell/resolve-uri@https://registry.npmjs.org/@jridgewell/resolve-uri/-/resolve-uri-3.1.2.tgz. Extracting by manifest.
779 silly tarball no local data for @types/babel__generator@https://registry.npmjs.org/@types/babel__generator/-/babel__generator-7.27.0.tgz. Extracting by manifest.
780 silly tarball no local data for @jridgewell/sourcemap-codec@https://registry.npmjs.org/@jridgewell/sourcemap-codec/-/sourcemap-codec-1.5.5.tgz. Extracting by manifest.
781 silly tarball no local data for @babel/helper-string-parser@https://registry.npmjs.org/@babel/helper-string-parser/-/helper-string-parser-7.27.1.tgz. Extracting by manifest.
782 silly tarball no local data for @babel/helper-globals@https://registry.npmjs.org/@babel/helper-globals/-/helper-globals-7.28.0.tgz. Extracting by manifest.
783 silly tarball no local data for @babel/helper-plugin-utils@https://registry.npmjs.org/@babel/helper-plugin-utils/-/helper-plugin-utils-7.28.6.tgz. Extracting by manifest.
784 silly tarball no local data for lru-cache@https://registry.npmjs.org/lru-cache/-/lru-cache-5.1.1.tgz. Extracting by manifest.
785 silly tarball no local data for browserslist@https://registry.npmjs.org/browserslist/-/browserslist-4.28.2.tgz. Extracting by manifest.
786 silly tarball no local data for @babel/helper-validator-option@https://registry.npmjs.org/@babel/helper-validator-option/-/helper-validator-option-7.27.1.tgz. Extracting by manifest.
787 silly tarball no local data for @babel/helper-module-imports@https://registry.npmjs.org/@babel/helper-module-imports/-/helper-module-imports-7.28.6.tgz. Extracting by manifest.
788 silly tarball no local data for @babel/compat-data@https://registry.npmjs.org/@babel/compat-data/-/compat-data-7.29.3.tgz. Extracting by manifest.
789 silly tarball no local data for jsesc@https://registry.npmjs.org/jsesc/-/jsesc-3.1.0.tgz. Extracting by manifest.
790 silly tarball no local data for @jridgewell/trace-mapping@https://registry.npmjs.org/@jridgewell/trace-mapping/-/trace-mapping-0.3.31.tgz. Extracting by manifest.
791 silly tarball no local data for picocolors@https://registry.npmjs.org/picocolors/-/picocolors-1.1.1.tgz. Extracting by manifest.
792 silly tarball no local data for @jridgewell/gen-mapping@https://registry.npmjs.org/@jridgewell/gen-mapping/-/gen-mapping-0.3.13.tgz. Extracting by manifest.
793 silly tarball no local data for js-tokens@https://registry.npmjs.org/js-tokens/-/js-tokens-4.0.0.tgz. Extracting by manifest.
794 silly tarball no local data for @babel/helper-validator-identifier@https://registry.npmjs.org/@babel/helper-validator-identifier/-/helper-validator-identifier-7.28.5.tgz. Extracting by manifest.
795 silly tarball no local data for semver@https://registry.npmjs.org/semver/-/semver-6.3.1.tgz. Extracting by manifest.
796 silly tarball no local data for gensync@https://registry.npmjs.org/gensync/-/gensync-1.0.0-beta.2.tgz. Extracting by manifest.
797 silly tarball no local data for debug@https://registry.npmjs.org/debug/-/debug-4.4.3.tgz. Extracting by manifest.
798 silly tarball no local data for json5@https://registry.npmjs.org/json5/-/json5-2.2.3.tgz. Extracting by manifest.
799 silly tarball no local data for convert-source-map@https://registry.npmjs.org/convert-source-map/-/convert-source-map-2.0.0.tgz. Extracting by manifest.
800 silly tarball no local data for @babel/types@https://registry.npmjs.org/@babel/types/-/types-7.29.0.tgz. Extracting by manifest.
801 silly tarball no local data for @jridgewell/remapping@https://registry.npmjs.org/@jridgewell/remapping/-/remapping-2.3.5.tgz. Extracting by manifest.
802 silly tarball no local data for @babel/template@https://registry.npmjs.org/@babel/template/-/template-7.28.6.tgz. Extracting by manifest.
803 silly tarball no local data for @babel/traverse@https://registry.npmjs.org/@babel/traverse/-/traverse-7.29.0.tgz. Extracting by manifest.
804 silly tarball no local data for @babel/parser@https://registry.npmjs.org/@babel/parser/-/parser-7.29.3.tgz. Extracting by manifest.
805 silly tarball no local data for @babel/helpers@https://registry.npmjs.org/@babel/helpers/-/helpers-7.29.2.tgz. Extracting by manifest.
806 silly tarball no local data for @babel/helper-module-transforms@https://registry.npmjs.org/@babel/helper-module-transforms/-/helper-module-transforms-7.28.6.tgz. Extracting by manifest.
807 silly tarball no local data for @babel/generator@https://registry.npmjs.org/@babel/generator/-/generator-7.29.1.tgz. Extracting by manifest.
808 silly tarball no local data for @babel/code-frame@https://registry.npmjs.org/@babel/code-frame/-/code-frame-7.29.0.tgz. Extracting by manifest.
809 silly tarball no local data for @babel/helper-compilation-targets@https://registry.npmjs.org/@babel/helper-compilation-targets/-/helper-compilation-targets-7.28.6.tgz. Extracting by manifest.
810 silly tarball no local data for react-refresh@https://registry.npmjs.org/react-refresh/-/react-refresh-0.17.0.tgz. Extracting by manifest.
811 silly tarball no local data for @types/babel__core@https://registry.npmjs.org/@types/babel__core/-/babel__core-7.20.5.tgz. Extracting by manifest.
812 silly tarball no local data for @rolldown/pluginutils@https://registry.npmjs.org/@rolldown/pluginutils/-/pluginutils-1.0.0-beta.27.tgz. Extracting by manifest.
813 silly tarball no local data for @babel/plugin-transform-react-jsx-self@https://registry.npmjs.org/@babel/plugin-transform-react-jsx-self/-/plugin-transform-react-jsx-self-7.27.1.tgz. Extracting by manifest.
814 silly tarball no local data for @babel/core@https://registry.npmjs.org/@babel/core/-/core-7.29.0.tgz. Extracting by manifest.
815 silly tarball no local data for @babel/plugin-transform-react-jsx-source@https://registry.npmjs.org/@babel/plugin-transform-react-jsx-source/-/plugin-transform-react-jsx-source-7.27.1.tgz. Extracting by manifest.
816 silly tarball no local data for csstype@https://registry.npmjs.org/csstype/-/csstype-3.2.3.tgz. Extracting by manifest.
817 silly tarball no local data for @types/prop-types@https://registry.npmjs.org/@types/prop-types/-/prop-types-15.7.15.tgz. Extracting by manifest.
818 silly tarball no local data for typescript@https://registry.npmjs.org/typescript/-/typescript-5.9.3.tgz. Extracting by manifest.
819 silly tarball no local data for react-dom@https://registry.npmjs.org/react-dom/-/react-dom-18.3.1.tgz. Extracting by manifest.
820 silly tarball no local data for react-router-dom@https://registry.npmjs.org/react-router-dom/-/react-router-dom-6.30.3.tgz. Extracting by manifest.
821 silly tarball no local data for react@https://registry.npmjs.org/react/-/react-18.3.1.tgz. Extracting by manifest.
822 silly tarball no local data for vite@https://registry.npmjs.org/vite/-/vite-5.4.21.tgz. Extracting by manifest.
823 silly tarball no local data for @vitejs/plugin-react@https://registry.npmjs.org/@vitejs/plugin-react/-/plugin-react-4.7.0.tgz. Extracting by manifest.
824 silly tarball no local data for @types/react@https://registry.npmjs.org/@types/react/-/react-18.3.28.tgz. Extracting by manifest.
825 silly tarball no local data for @types/react-dom@https://registry.npmjs.org/@types/react-dom/-/react-dom-18.3.7.tgz. Extracting by manifest.
826 http fetch GET 200 https://registry.npmjs.org/nanoid/-/nanoid-3.3.12.tgz 151ms (cache miss)
827 http fetch GET 200 https://registry.npmjs.org/esbuild/-/esbuild-0.21.5.tgz 174ms (cache miss)
828 http fetch GET 200 https://registry.npmjs.org/yallist/-/yallist-3.1.1.tgz 190ms (cache miss)
829 http fetch GET 200 https://registry.npmjs.org/ms/-/ms-2.1.3.tgz 208ms (cache miss)
830 http fetch POST 200 https://registry.npmjs.org/-/npm/v1/security/advisories/bulk 268ms
831 silly audit report {
831 silly audit report   vite: [
831 silly audit report     {
831 silly audit report       id: 1116229,
831 silly audit report       url: 'https://github.com/advisories/GHSA-4w7w-66w2-5vf9',
831 silly audit report       title: 'Vite Vulnerable to Path Traversal in Optimized Deps `.map` Handling',
831 silly audit report       severity: 'moderate',
831 silly audit report       vulnerable_versions: '<=6.4.1',
831 silly audit report       cwe: [Array],
831 silly audit report       cvss: [Object]
831 silly audit report     }
831 silly audit report   ],
831 silly audit report   esbuild: [
831 silly audit report     {
831 silly audit report       id: 1102341,
831 silly audit report       url: 'https://github.com/advisories/GHSA-67mh-4wv8-2f99',
831 silly audit report       title: 'esbuild enables any website to send any requests to the development server and read the response',
831 silly audit report       severity: 'moderate',
831 silly audit report       vulnerable_versions: '<=0.24.2',
831 silly audit report       cwe: [Array],
831 silly audit report       cvss: [Object]
831 silly audit report     }
831 silly audit report   ]
831 silly audit report }
832 silly packumentCache corgi:https://registry.npmjs.org/vite cache-miss
833 silly packumentCache corgi:https://registry.npmjs.org/esbuild cache-miss
834 http fetch GET 200 https://registry.npmjs.org/update-browserslist-db/-/update-browserslist-db-1.2.3.tgz 260ms (cache miss)
835 http fetch GET 200 https://registry.npmjs.org/node-releases/-/node-releases-2.0.44.tgz 264ms (cache miss)
836 http fetch GET 200 https://registry.npmjs.org/escalade/-/escalade-3.2.0.tgz 740ms (cache miss)
837 http fetch GET 200 https://registry.npmjs.org/loose-envify/-/loose-envify-1.4.0.tgz 751ms (cache miss)
838 http fetch GET 200 https://registry.npmjs.org/lru-cache/-/lru-cache-5.1.1.tgz 826ms (cache miss)
839 http fetch GET 200 https://registry.npmjs.org/@types/estree/-/estree-1.0.8.tgz 862ms (cache miss)
840 http fetch GET 200 https://registry.npmjs.org/@types/babel__template/-/babel__template-7.4.4.tgz 849ms (cache miss)
841 http fetch GET 200 https://registry.npmjs.org/@babel/helper-validator-option/-/helper-validator-option-7.27.1.tgz 846ms (cache miss)
842 http fetch GET 200 https://registry.npmjs.org/@babel/helper-plugin-utils/-/helper-plugin-utils-7.28.6.tgz 849ms (cache miss)
843 http fetch GET 200 https://registry.npmjs.org/@babel/compat-data/-/compat-data-7.29.3.tgz 852ms (cache miss)
844 http fetch GET 200 https://registry.npmjs.org/@types/babel__generator/-/babel__generator-7.27.0.tgz 859ms (cache miss)
845 http fetch GET 200 https://registry.npmjs.org/js-tokens/-/js-tokens-4.0.0.tgz 859ms (cache miss)
846 http fetch GET 200 https://registry.npmjs.org/@jridgewell/resolve-uri/-/resolve-uri-3.1.2.tgz 869ms (cache miss)
847 http fetch GET 200 https://registry.npmjs.org/picocolors/-/picocolors-1.1.1.tgz 940ms (cache miss)
848 http fetch GET 200 https://registry.npmjs.org/jsesc/-/jsesc-3.1.0.tgz 950ms (cache miss)
849 http fetch GET 200 https://registry.npmjs.org/@babel/helper-globals/-/helper-globals-7.28.0.tgz 955ms (cache miss)
850 http fetch GET 200 https://registry.npmjs.org/convert-source-map/-/convert-source-map-2.0.0.tgz 984ms (cache miss)
851 http fetch GET 200 https://registry.npmjs.org/gensync/-/gensync-1.0.0-beta.2.tgz 989ms (cache miss)
852 http fetch GET 200 https://registry.npmjs.org/semver/-/semver-6.3.1.tgz 1009ms (cache miss)
853 http fetch GET 200 https://registry.npmjs.org/electron-to-chromium/-/electron-to-chromium-1.5.355.tgz 1023ms (cache miss)
854 http fetch GET 200 https://registry.npmjs.org/debug/-/debug-4.4.3.tgz 1011ms (cache miss)
855 http fetch GET 200 https://registry.npmjs.org/@babel/helper-string-parser/-/helper-string-parser-7.27.1.tgz 1024ms (cache miss)
856 http fetch GET 200 https://registry.npmjs.org/baseline-browser-mapping/-/baseline-browser-mapping-2.10.29.tgz 1031ms (cache miss)
857 http fetch GET 200 https://registry.npmjs.org/@types/babel__traverse/-/babel__traverse-7.28.0.tgz 1031ms (cache miss)
858 http fetch GET 200 https://registry.npmjs.org/@babel/helper-validator-identifier/-/helper-validator-identifier-7.28.5.tgz 1050ms (cache miss)
859 http fetch GET 200 https://registry.npmjs.org/browserslist/-/browserslist-4.28.2.tgz 1060ms (cache miss)
860 http fetch GET 200 https://registry.npmjs.org/@babel/helper-module-imports/-/helper-module-imports-7.28.6.tgz 1103ms (cache miss)
861 http fetch GET 200 https://registry.npmjs.org/react-refresh/-/react-refresh-0.17.0.tgz 1828ms (cache miss)
862 http fetch GET 200 https://registry.npmjs.org/scheduler/-/scheduler-0.23.2.tgz 1877ms (cache miss)
863 http fetch GET 200 https://registry.npmjs.org/@babel/code-frame/-/code-frame-7.29.0.tgz 1867ms (cache miss)
864 http fetch GET 200 https://registry.npmjs.org/source-map-js/-/source-map-js-1.2.1.tgz 2291ms (cache miss)
865 http fetch GET 200 https://registry.npmjs.org/@types/babel__core/-/babel__core-7.20.5.tgz 2289ms (cache miss)
866 http fetch GET 200 https://registry.npmjs.org/@types/prop-types/-/prop-types-15.7.15.tgz 2289ms (cache miss)
867 http fetch GET 200 https://registry.npmjs.org/@babel/plugin-transform-react-jsx-self/-/plugin-transform-react-jsx-self-7.27.1.tgz 2371ms (cache miss)
868 http fetch GET 200 https://registry.npmjs.org/@babel/plugin-transform-react-jsx-source/-/plugin-transform-react-jsx-source-7.27.1.tgz 2371ms (cache miss)
869 http fetch GET 200 https://registry.npmjs.org/@rolldown/pluginutils/-/pluginutils-1.0.0-beta.27.tgz 2473ms (cache miss)
870 http fetch GET 200 https://registry.npmjs.org/@types/react-dom/-/react-dom-18.3.7.tgz 2634ms (cache miss)
871 http fetch GET 200 https://registry.npmjs.org/@vitejs/plugin-react/-/plugin-react-4.7.0.tgz 2643ms (cache miss)
872 http fetch GET 200 https://registry.npmjs.org/json5/-/json5-2.2.3.tgz 3229ms (cache miss)
873 http fetch GET 200 https://registry.npmjs.org/esbuild 3210ms (cache miss)
874 silly packumentCache corgi:https://registry.npmjs.org/esbuild set size:undefined disposed:false
875 http fetch GET 200 https://registry.npmjs.org/@babel/helper-module-transforms/-/helper-module-transforms-7.28.6.tgz 3417ms (cache miss)
876 http fetch GET 200 https://registry.npmjs.org/@rollup/rollup-win32-x64-gnu/-/rollup-win32-x64-gnu-4.60.3.tgz 3457ms (cache miss)
877 http fetch GET 200 https://registry.npmjs.org/@babel/helper-compilation-targets/-/helper-compilation-targets-7.28.6.tgz 3443ms (cache miss)
878 http fetch GET 200 https://registry.npmjs.org/@jridgewell/sourcemap-codec/-/sourcemap-codec-1.5.5.tgz 3464ms (cache miss)
879 http fetch GET 200 https://registry.npmjs.org/csstype/-/csstype-3.2.3.tgz 3446ms (cache miss)
880 http fetch GET 200 https://registry.npmjs.org/@babel/template/-/template-7.28.6.tgz 3454ms (cache miss)
881 http fetch GET 200 https://registry.npmjs.org/@types/react/-/react-18.3.28.tgz 3604ms (cache miss)
882 http fetch GET 200 https://registry.npmjs.org/react-router/-/react-router-6.30.3.tgz 3678ms (cache miss)
883 http fetch GET 200 https://registry.npmjs.org/@jridgewell/remapping/-/remapping-2.3.5.tgz 3671ms (cache miss)
884 http fetch GET 200 https://registry.npmjs.org/react/-/react-18.3.1.tgz 3707ms (cache miss)
885 http fetch GET 200 https://registry.npmjs.org/@rollup/rollup-win32-x64-msvc/-/rollup-win32-x64-msvc-4.60.3.tgz 3745ms (cache miss)
886 http fetch GET 200 https://registry.npmjs.org/@jridgewell/gen-mapping/-/gen-mapping-0.3.13.tgz 3833ms (cache miss)
887 http fetch GET 200 https://registry.npmjs.org/@babel/parser/-/parser-7.29.3.tgz 3856ms (cache miss)
888 http fetch GET 200 https://registry.npmjs.org/vite 3670ms (cache miss)
889 silly packumentCache corgi:https://registry.npmjs.org/vite set size:undefined disposed:false
890 silly packumentCache corgi:https://registry.npmjs.org/@vitejs%2fplugin-react cache-miss
891 http fetch GET 200 https://registry.npmjs.org/react-router-dom/-/react-router-dom-6.30.3.tgz 3954ms (cache miss)
892 http fetch GET 200 https://registry.npmjs.org/rollup/-/rollup-4.60.3.tgz 4010ms (cache miss)
893 http fetch GET 200 https://registry.npmjs.org/@jridgewell/trace-mapping/-/trace-mapping-0.3.31.tgz 4432ms (cache miss)
894 http fetch GET 200 https://registry.npmjs.org/@remix-run/router/-/router-1.23.2.tgz 4493ms (cache miss)
895 http fetch GET 200 https://registry.npmjs.org/postcss/-/postcss-8.5.14.tgz 4526ms (cache miss)
896 http fetch GET 200 https://registry.npmjs.org/@vitejs%2fplugin-react 562ms (cache miss)
897 silly packumentCache corgi:https://registry.npmjs.org/@vitejs%2fplugin-react set size:undefined disposed:false
898 http fetch GET 200 https://registry.npmjs.org/@babel/generator/-/generator-7.29.1.tgz 4689ms (cache miss)
899 http fetch GET 200 https://registry.npmjs.org/react-dom/-/react-dom-18.3.1.tgz 4791ms (cache miss)
900 http fetch GET 200 https://registry.npmjs.org/@babel/traverse/-/traverse-7.29.0.tgz 4906ms (cache miss)
901 http fetch GET 200 https://registry.npmjs.org/vite/-/vite-5.4.21.tgz 4948ms (cache miss)
902 http fetch GET 200 https://registry.npmjs.org/@esbuild/win32-x64/-/win32-x64-0.21.5.tgz 5036ms (cache miss)
903 http fetch GET 200 https://registry.npmjs.org/@babel/core/-/core-7.29.0.tgz 6559ms (cache miss)
904 http fetch GET 200 https://registry.npmjs.org/@babel/types/-/types-7.29.0.tgz 7343ms (cache miss)
905 http fetch GET 200 https://registry.npmjs.org/@babel/helpers/-/helpers-7.29.2.tgz 7400ms (cache miss)
906 http fetch GET 200 https://registry.npmjs.org/typescript/-/typescript-5.9.3.tgz 7543ms (cache miss)
907 http fetch GET 200 https://registry.npmjs.org/caniuse-lite/-/caniuse-lite-1.0.30001792.tgz 10256ms (cache miss)
908 info run esbuild@0.21.5 postinstall node_modules/esbuild node install.js
909 info run esbuild@0.21.5 postinstall { code: 0, signal: null }
910 silly ADD node_modules/@types/estree
911 silly ADD node_modules/@rollup/rollup-win32-x64-msvc
912 silly ADD node_modules/@rollup/rollup-win32-x64-gnu
913 silly ADD node_modules/source-map-js
914 silly ADD node_modules/nanoid
915 silly ADD node_modules/@esbuild/win32-x64
916 silly ADD node_modules/rollup
917 silly ADD node_modules/postcss
918 silly ADD node_modules/esbuild
919 silly ADD node_modules/escalade
920 silly ADD node_modules/react-router
921 silly ADD node_modules/@remix-run/router
922 silly ADD node_modules/scheduler
923 silly ADD node_modules/loose-envify
924 silly ADD node_modules/yallist
925 silly ADD node_modules/ms
926 silly ADD node_modules/update-browserslist-db
927 silly ADD node_modules/node-releases
928 silly ADD node_modules/electron-to-chromium
929 silly ADD node_modules/caniuse-lite
930 silly ADD node_modules/baseline-browser-mapping
931 silly ADD node_modules/@types/babel__traverse
932 silly ADD node_modules/@types/babel__template
933 silly ADD node_modules/@types/babel__generator
934 silly ADD node_modules/@jridgewell/resolve-uri
935 silly ADD node_modules/@jridgewell/sourcemap-codec
936 silly ADD node_modules/@babel/helper-string-parser
937 silly ADD node_modules/@babel/helper-globals
938 silly ADD node_modules/@babel/helper-plugin-utils
939 silly ADD node_modules/@babel/helper-module-imports
940 silly ADD node_modules/lru-cache
941 silly ADD node_modules/browserslist
942 silly ADD node_modules/@babel/helper-validator-option
943 silly ADD node_modules/@babel/compat-data
944 silly ADD node_modules/jsesc
945 silly ADD node_modules/@jridgewell/trace-mapping
946 silly ADD node_modules/@jridgewell/gen-mapping
947 silly ADD node_modules/picocolors
948 silly ADD node_modules/js-tokens
949 silly ADD node_modules/@babel/helper-validator-identifier
950 silly ADD node_modules/semver
951 silly ADD node_modules/json5
952 silly ADD node_modules/gensync
953 silly ADD node_modules/debug
954 silly ADD node_modules/convert-source-map
955 silly ADD node_modules/@jridgewell/remapping
956 silly ADD node_modules/@babel/types
957 silly ADD node_modules/@babel/traverse
958 silly ADD node_modules/@babel/template
959 silly ADD node_modules/@babel/parser
960 silly ADD node_modules/@babel/helpers
961 silly ADD node_modules/@babel/helper-module-transforms
962 silly ADD node_modules/@babel/helper-compilation-targets
963 silly ADD node_modules/@babel/generator
964 silly ADD node_modules/@babel/code-frame
965 silly ADD node_modules/react-refresh
966 silly ADD node_modules/@types/babel__core
967 silly ADD node_modules/@rolldown/pluginutils
968 silly ADD node_modules/@babel/plugin-transform-react-jsx-source
969 silly ADD node_modules/@babel/plugin-transform-react-jsx-self
970 silly ADD node_modules/@babel/core
971 silly ADD node_modules/csstype
972 silly ADD node_modules/@types/prop-types
973 silly ADD node_modules/typescript
974 silly ADD node_modules/react-router-dom
975 silly ADD node_modules/react-dom
976 silly ADD node_modules/react
977 silly ADD node_modules/vite
978 silly ADD node_modules/@vitejs/plugin-react
979 silly ADD node_modules/@types/react-dom
980 silly ADD node_modules/@types/react
981 verbose cwd E:\My Files\projects\Work-Order-ProtoType
982 verbose os Windows_NT 10.0.19045
983 verbose node v24.14.1
984 verbose npm  v11.11.0
985 notice
985 notice New minor version of npm available! 11.11.0 -> 11.14.1
985 notice Changelog: https://github.com/npm/cli/releases/tag/v11.14.1
985 notice To update run: npm install -g npm@11.14.1
985 notice  { force: true, Symbol(proc-log.meta): true }
986 verbose exit 0
987 info ok
